Copyright 1986-2022 Xilinx, Inc. All Rights Reserved.
--------------------------------------------------------------------------------------------------------------------------------------------------
| Tool Version : Vivado v.2022.2 (win64) Build 3671981 Fri Oct 14 05:00:03 MDT 2022
| Date         : Wed May  8 17:18:31 2024
| Host         : ECE-CAE-22 running 64-bit major release  (build 9200)
| Command      : report_methodology -file main_methodology_drc_routed.rpt -pb main_methodology_drc_routed.pb -rpx main_methodology_drc_routed.rpx
| Design       : main
| Device       : xc7a100tcsg324-1
| Speed File   : -1
| Design State : Fully Routed
--------------------------------------------------------------------------------------------------------------------------------------------------

Report Methodology

Table of Contents
-----------------
1. REPORT SUMMARY
2. REPORT DETAILS

1. REPORT SUMMARY
-----------------
            Netlist: netlist
          Floorplan: design_1
      Design limits: <entire design considered>
             Max violations: <unlimited>
             Violations found: 291
+-----------+------------------+--------------------------------+------------+
| Rule      | Severity         | Description                    | Violations |
+-----------+------------------+--------------------------------+------------+
| TIMING-17 | Critical Warning | Non-clocked sequential cell    | 92         |
| LUTAR-1   | Warning          | LUT drives async reset alert   | 1          |
| TIMING-20 | Warning          | Non-clocked latch              | 197        |
| LATCH-1   | Advisory         | Existing latches in the design | 1          |
+-----------+------------------+--------------------------------+------------+

2. REPORT DETAILS
-----------------
TIMING-17#1 Critical Warning
Non-clocked sequential cell  
The clock pin inst_FSM/FSM_sequential_current_state_reg[0]/C is not reached by a timing clock
Related violations: <none>

TIMING-17#2 Critical Warning
Non-clocked sequential cell  
The clock pin inst_FSM/FSM_sequential_current_state_reg[1]/C is not reached by a timing clock
Related violations: <none>

TIMING-17#3 Critical Warning
Non-clocked sequential cell  
The clock pin inst_FSM/FSM_sequential_current_state_reg[2]/C is not reached by a timing clock
Related violations: <none>

TIMING-17#4 Critical Warning
Non-clocked sequential cell  
The clock pin inst_FSM/FSM_sequential_current_state_reg[3]/C is not reached by a timing clock
Related violations: <none>

TIMING-17#5 Critical Warning
Non-clocked sequential cell  
The clock pin inst_FSM/t_reg[0]/C is not reached by a timing clock
Related violations: <none>

TIMING-17#6 Critical Warning
Non-clocked sequential cell  
The clock pin inst_FSM/t_reg[10]/C is not reached by a timing clock
Related violations: <none>

TIMING-17#7 Critical Warning
Non-clocked sequential cell  
The clock pin inst_FSM/t_reg[1]/C is not reached by a timing clock
Related violations: <none>

TIMING-17#8 Critical Warning
Non-clocked sequential cell  
The clock pin inst_FSM/t_reg[2]/C is not reached by a timing clock
Related violations: <none>

TIMING-17#9 Critical Warning
Non-clocked sequential cell  
The clock pin inst_FSM/t_reg[3]/C is not reached by a timing clock
Related violations: <none>

TIMING-17#10 Critical Warning
Non-clocked sequential cell  
The clock pin inst_FSM/t_reg[4]/C is not reached by a timing clock
Related violations: <none>

TIMING-17#11 Critical Warning
Non-clocked sequential cell  
The clock pin inst_FSM/t_reg[5]/C is not reached by a timing clock
Related violations: <none>

TIMING-17#12 Critical Warning
Non-clocked sequential cell  
The clock pin inst_FSM/t_reg[6]/C is not reached by a timing clock
Related violations: <none>

TIMING-17#13 Critical Warning
Non-clocked sequential cell  
The clock pin inst_FSM/t_reg[7]/C is not reached by a timing clock
Related violations: <none>

TIMING-17#14 Critical Warning
Non-clocked sequential cell  
The clock pin inst_FSM/t_reg[8]/C is not reached by a timing clock
Related violations: <none>

TIMING-17#15 Critical Warning
Non-clocked sequential cell  
The clock pin inst_FSM/t_reg[9]/C is not reached by a timing clock
Related violations: <none>

TIMING-17#16 Critical Warning
Non-clocked sequential cell  
The clock pin inst_circ/message_1_reg[0]/C is not reached by a timing clock
Related violations: <none>

TIMING-17#17 Critical Warning
Non-clocked sequential cell  
The clock pin inst_circ/message_1_reg[10]/C is not reached by a timing clock
Related violations: <none>

TIMING-17#18 Critical Warning
Non-clocked sequential cell  
The clock pin inst_circ/message_1_reg[11]/C is not reached by a timing clock
Related violations: <none>

TIMING-17#19 Critical Warning
Non-clocked sequential cell  
The clock pin inst_circ/message_1_reg[12]/C is not reached by a timing clock
Related violations: <none>

TIMING-17#20 Critical Warning
Non-clocked sequential cell  
The clock pin inst_circ/message_1_reg[13]/C is not reached by a timing clock
Related violations: <none>

TIMING-17#21 Critical Warning
Non-clocked sequential cell  
The clock pin inst_circ/message_1_reg[14]/C is not reached by a timing clock
Related violations: <none>

TIMING-17#22 Critical Warning
Non-clocked sequential cell  
The clock pin inst_circ/message_1_reg[15]/C is not reached by a timing clock
Related violations: <none>

TIMING-17#23 Critical Warning
Non-clocked sequential cell  
The clock pin inst_circ/message_1_reg[1]/C is not reached by a timing clock
Related violations: <none>

TIMING-17#24 Critical Warning
Non-clocked sequential cell  
The clock pin inst_circ/message_1_reg[2]/C is not reached by a timing clock
Related violations: <none>

TIMING-17#25 Critical Warning
Non-clocked sequential cell  
The clock pin inst_circ/message_1_reg[3]/C is not reached by a timing clock
Related violations: <none>

TIMING-17#26 Critical Warning
Non-clocked sequential cell  
The clock pin inst_circ/message_1_reg[4]/C is not reached by a timing clock
Related violations: <none>

TIMING-17#27 Critical Warning
Non-clocked sequential cell  
The clock pin inst_circ/message_1_reg[5]/C is not reached by a timing clock
Related violations: <none>

TIMING-17#28 Critical Warning
Non-clocked sequential cell  
The clock pin inst_circ/message_1_reg[6]/C is not reached by a timing clock
Related violations: <none>

TIMING-17#29 Critical Warning
Non-clocked sequential cell  
The clock pin inst_circ/message_1_reg[7]/C is not reached by a timing clock
Related violations: <none>

TIMING-17#30 Critical Warning
Non-clocked sequential cell  
The clock pin inst_circ/message_1_reg[8]/C is not reached by a timing clock
Related violations: <none>

TIMING-17#31 Critical Warning
Non-clocked sequential cell  
The clock pin inst_circ/message_1_reg[9]/C is not reached by a timing clock
Related violations: <none>

TIMING-17#32 Critical Warning
Non-clocked sequential cell  
The clock pin inst_circ/message_2_reg[0]/C is not reached by a timing clock
Related violations: <none>

TIMING-17#33 Critical Warning
Non-clocked sequential cell  
The clock pin inst_circ/message_2_reg[10]/C is not reached by a timing clock
Related violations: <none>

TIMING-17#34 Critical Warning
Non-clocked sequential cell  
The clock pin inst_circ/message_2_reg[11]/C is not reached by a timing clock
Related violations: <none>

TIMING-17#35 Critical Warning
Non-clocked sequential cell  
The clock pin inst_circ/message_2_reg[12]/C is not reached by a timing clock
Related violations: <none>

TIMING-17#36 Critical Warning
Non-clocked sequential cell  
The clock pin inst_circ/message_2_reg[13]/C is not reached by a timing clock
Related violations: <none>

TIMING-17#37 Critical Warning
Non-clocked sequential cell  
The clock pin inst_circ/message_2_reg[14]/C is not reached by a timing clock
Related violations: <none>

TIMING-17#38 Critical Warning
Non-clocked sequential cell  
The clock pin inst_circ/message_2_reg[15]/C is not reached by a timing clock
Related violations: <none>

TIMING-17#39 Critical Warning
Non-clocked sequential cell  
The clock pin inst_circ/message_2_reg[1]/C is not reached by a timing clock
Related violations: <none>

TIMING-17#40 Critical Warning
Non-clocked sequential cell  
The clock pin inst_circ/message_2_reg[2]/C is not reached by a timing clock
Related violations: <none>

TIMING-17#41 Critical Warning
Non-clocked sequential cell  
The clock pin inst_circ/message_2_reg[3]/C is not reached by a timing clock
Related violations: <none>

TIMING-17#42 Critical Warning
Non-clocked sequential cell  
The clock pin inst_circ/message_2_reg[4]/C is not reached by a timing clock
Related violations: <none>

TIMING-17#43 Critical Warning
Non-clocked sequential cell  
The clock pin inst_circ/message_2_reg[5]/C is not reached by a timing clock
Related violations: <none>

TIMING-17#44 Critical Warning
Non-clocked sequential cell  
The clock pin inst_circ/message_2_reg[6]/C is not reached by a timing clock
Related violations: <none>

TIMING-17#45 Critical Warning
Non-clocked sequential cell  
The clock pin inst_circ/message_2_reg[7]/C is not reached by a timing clock
Related violations: <none>

TIMING-17#46 Critical Warning
Non-clocked sequential cell  
The clock pin inst_circ/message_2_reg[8]/C is not reached by a timing clock
Related violations: <none>

TIMING-17#47 Critical Warning
Non-clocked sequential cell  
The clock pin inst_circ/message_2_reg[9]/C is not reached by a timing clock
Related violations: <none>

TIMING-17#48 Critical Warning
Non-clocked sequential cell  
The clock pin inst_circ/message_3_reg[0]/C is not reached by a timing clock
Related violations: <none>

TIMING-17#49 Critical Warning
Non-clocked sequential cell  
The clock pin inst_circ/message_3_reg[10]/C is not reached by a timing clock
Related violations: <none>

TIMING-17#50 Critical Warning
Non-clocked sequential cell  
The clock pin inst_circ/message_3_reg[11]/C is not reached by a timing clock
Related violations: <none>

TIMING-17#51 Critical Warning
Non-clocked sequential cell  
The clock pin inst_circ/message_3_reg[12]/C is not reached by a timing clock
Related violations: <none>

TIMING-17#52 Critical Warning
Non-clocked sequential cell  
The clock pin inst_circ/message_3_reg[13]/C is not reached by a timing clock
Related violations: <none>

TIMING-17#53 Critical Warning
Non-clocked sequential cell  
The clock pin inst_circ/message_3_reg[14]/C is not reached by a timing clock
Related violations: <none>

TIMING-17#54 Critical Warning
Non-clocked sequential cell  
The clock pin inst_circ/message_3_reg[15]/C is not reached by a timing clock
Related violations: <none>

TIMING-17#55 Critical Warning
Non-clocked sequential cell  
The clock pin inst_circ/message_3_reg[1]/C is not reached by a timing clock
Related violations: <none>

TIMING-17#56 Critical Warning
Non-clocked sequential cell  
The clock pin inst_circ/message_3_reg[2]/C is not reached by a timing clock
Related violations: <none>

TIMING-17#57 Critical Warning
Non-clocked sequential cell  
The clock pin inst_circ/message_3_reg[3]/C is not reached by a timing clock
Related violations: <none>

TIMING-17#58 Critical Warning
Non-clocked sequential cell  
The clock pin inst_circ/message_3_reg[4]/C is not reached by a timing clock
Related violations: <none>

TIMING-17#59 Critical Warning
Non-clocked sequential cell  
The clock pin inst_circ/message_3_reg[5]/C is not reached by a timing clock
Related violations: <none>

TIMING-17#60 Critical Warning
Non-clocked sequential cell  
The clock pin inst_circ/message_3_reg[6]/C is not reached by a timing clock
Related violations: <none>

TIMING-17#61 Critical Warning
Non-clocked sequential cell  
The clock pin inst_circ/message_3_reg[7]/C is not reached by a timing clock
Related violations: <none>

TIMING-17#62 Critical Warning
Non-clocked sequential cell  
The clock pin inst_circ/message_3_reg[8]/C is not reached by a timing clock
Related violations: <none>

TIMING-17#63 Critical Warning
Non-clocked sequential cell  
The clock pin inst_circ/message_3_reg[9]/C is not reached by a timing clock
Related violations: <none>

TIMING-17#64 Critical Warning
Non-clocked sequential cell  
The clock pin inst_count_1/TICK_reg/C is not reached by a timing clock
Related violations: <none>

TIMING-17#65 Critical Warning
Non-clocked sequential cell  
The clock pin inst_count_1/dummy_reg[0]/C is not reached by a timing clock
Related violations: <none>

TIMING-17#66 Critical Warning
Non-clocked sequential cell  
The clock pin inst_count_1/dummy_reg[1]/C is not reached by a timing clock
Related violations: <none>

TIMING-17#67 Critical Warning
Non-clocked sequential cell  
The clock pin inst_count_1/dummy_reg[2]/C is not reached by a timing clock
Related violations: <none>

TIMING-17#68 Critical Warning
Non-clocked sequential cell  
The clock pin inst_count_1/dummy_reg[3]/C is not reached by a timing clock
Related violations: <none>

TIMING-17#69 Critical Warning
Non-clocked sequential cell  
The clock pin inst_count_2/TICK_reg/C is not reached by a timing clock
Related violations: <none>

TIMING-17#70 Critical Warning
Non-clocked sequential cell  
The clock pin inst_count_2/dummy_reg[0]/C is not reached by a timing clock
Related violations: <none>

TIMING-17#71 Critical Warning
Non-clocked sequential cell  
The clock pin inst_count_2/dummy_reg[1]/C is not reached by a timing clock
Related violations: <none>

TIMING-17#72 Critical Warning
Non-clocked sequential cell  
The clock pin inst_count_2/dummy_reg[2]/C is not reached by a timing clock
Related violations: <none>

TIMING-17#73 Critical Warning
Non-clocked sequential cell  
The clock pin inst_count_2/dummy_reg[3]/C is not reached by a timing clock
Related violations: <none>

TIMING-17#74 Critical Warning
Non-clocked sequential cell  
The clock pin inst_count_3/TICK_reg/C is not reached by a timing clock
Related violations: <none>

TIMING-17#75 Critical Warning
Non-clocked sequential cell  
The clock pin inst_count_3/dummy_reg[0]/C is not reached by a timing clock
Related violations: <none>

TIMING-17#76 Critical Warning
Non-clocked sequential cell  
The clock pin inst_count_3/dummy_reg[1]/C is not reached by a timing clock
Related violations: <none>

TIMING-17#77 Critical Warning
Non-clocked sequential cell  
The clock pin inst_count_3/dummy_reg[2]/C is not reached by a timing clock
Related violations: <none>

TIMING-17#78 Critical Warning
Non-clocked sequential cell  
The clock pin inst_count_3/dummy_reg[3]/C is not reached by a timing clock
Related violations: <none>

TIMING-17#79 Critical Warning
Non-clocked sequential cell  
The clock pin inst_count_4/dummy_reg[0]/C is not reached by a timing clock
Related violations: <none>

TIMING-17#80 Critical Warning
Non-clocked sequential cell  
The clock pin inst_count_4/dummy_reg[1]/C is not reached by a timing clock
Related violations: <none>

TIMING-17#81 Critical Warning
Non-clocked sequential cell  
The clock pin inst_count_4/dummy_reg[2]/C is not reached by a timing clock
Related violations: <none>

TIMING-17#82 Critical Warning
Non-clocked sequential cell  
The clock pin inst_count_4/dummy_reg[3]/C is not reached by a timing clock
Related violations: <none>

TIMING-17#83 Critical Warning
Non-clocked sequential cell  
The clock pin inst_display_selector/count_reg[0]/C is not reached by a timing clock
Related violations: <none>

TIMING-17#84 Critical Warning
Non-clocked sequential cell  
The clock pin inst_display_selector/count_reg[1]/C is not reached by a timing clock
Related violations: <none>

TIMING-17#85 Critical Warning
Non-clocked sequential cell  
The clock pin inst_display_selector/count_reg[2]/C is not reached by a timing clock
Related violations: <none>

TIMING-17#86 Critical Warning
Non-clocked sequential cell  
The clock pin inst_rand_num_generator/randNum_reg[10]/C is not reached by a timing clock
Related violations: <none>

TIMING-17#87 Critical Warning
Non-clocked sequential cell  
The clock pin inst_rand_num_generator/randNum_reg[11]/C is not reached by a timing clock
Related violations: <none>

TIMING-17#88 Critical Warning
Non-clocked sequential cell  
The clock pin inst_rand_num_generator/randNum_reg[5]/C is not reached by a timing clock
Related violations: <none>

TIMING-17#89 Critical Warning
Non-clocked sequential cell  
The clock pin inst_rand_num_generator/randNum_reg[6]/C is not reached by a timing clock
Related violations: <none>

TIMING-17#90 Critical Warning
Non-clocked sequential cell  
The clock pin inst_rand_num_generator/randNum_reg[7]/C is not reached by a timing clock
Related violations: <none>

TIMING-17#91 Critical Warning
Non-clocked sequential cell  
The clock pin inst_rand_num_generator/randNum_reg[8]/C is not reached by a timing clock
Related violations: <none>

TIMING-17#92 Critical Warning
Non-clocked sequential cell  
The clock pin inst_rand_num_generator/randNum_reg[9]/C is not reached by a timing clock
Related violations: <none>

LUTAR-1#1 Warning
LUT drives async reset alert  
LUT cell inst_FSM/dummy[3]_i_3, with 2 or more inputs, drives asynchronous preset/clear pin(s) inst_count_1/dummy_reg[3]/CLR, inst_count_2/TICK_reg/CLR,
inst_count_2/dummy_reg[0]/CLR, inst_count_2/dummy_reg[1]/CLR,
inst_count_2/dummy_reg[2]/CLR, inst_count_2/dummy_reg[3]/CLR,
inst_count_3/TICK_reg/CLR, inst_count_3/dummy_reg[0]/CLR,
inst_count_3/dummy_reg[1]/CLR, inst_count_3/dummy_reg[2]/CLR,
inst_count_3/dummy_reg[3]/CLR, inst_count_4/dummy_reg[0]/CLR,
inst_count_4/dummy_reg[1]/CLR, inst_count_4/dummy_reg[2]/CLR,
inst_count_4/dummy_reg[3]/CLR (the first 15 of 19 listed). The LUT may glitch and trigger an unexpected reset, even if it is a properly timed path.
Related violations: <none>

TIMING-20#1 Warning
Non-clocked latch  
The latch convert_aveMessage/Message_reg[0] cannot be properly analyzed as its control pin convert_aveMessage/Message_reg[0]/G is not reached by a timing clock
Related violations: <none>

TIMING-20#2 Warning
Non-clocked latch  
The latch convert_aveMessage/Message_reg[10] cannot be properly analyzed as its control pin convert_aveMessage/Message_reg[10]/G is not reached by a timing clock
Related violations: <none>

TIMING-20#3 Warning
Non-clocked latch  
The latch convert_aveMessage/Message_reg[11] cannot be properly analyzed as its control pin convert_aveMessage/Message_reg[11]/G is not reached by a timing clock
Related violations: <none>

TIMING-20#4 Warning
Non-clocked latch  
The latch convert_aveMessage/Message_reg[12] cannot be properly analyzed as its control pin convert_aveMessage/Message_reg[12]/G is not reached by a timing clock
Related violations: <none>

TIMING-20#5 Warning
Non-clocked latch  
The latch convert_aveMessage/Message_reg[13] cannot be properly analyzed as its control pin convert_aveMessage/Message_reg[13]/G is not reached by a timing clock
Related violations: <none>

TIMING-20#6 Warning
Non-clocked latch  
The latch convert_aveMessage/Message_reg[14] cannot be properly analyzed as its control pin convert_aveMessage/Message_reg[14]/G is not reached by a timing clock
Related violations: <none>

TIMING-20#7 Warning
Non-clocked latch  
The latch convert_aveMessage/Message_reg[15] cannot be properly analyzed as its control pin convert_aveMessage/Message_reg[15]/G is not reached by a timing clock
Related violations: <none>

TIMING-20#8 Warning
Non-clocked latch  
The latch convert_aveMessage/Message_reg[1] cannot be properly analyzed as its control pin convert_aveMessage/Message_reg[1]/G is not reached by a timing clock
Related violations: <none>

TIMING-20#9 Warning
Non-clocked latch  
The latch convert_aveMessage/Message_reg[2] cannot be properly analyzed as its control pin convert_aveMessage/Message_reg[2]/G is not reached by a timing clock
Related violations: <none>

TIMING-20#10 Warning
Non-clocked latch  
The latch convert_aveMessage/Message_reg[3] cannot be properly analyzed as its control pin convert_aveMessage/Message_reg[3]/G is not reached by a timing clock
Related violations: <none>

TIMING-20#11 Warning
Non-clocked latch  
The latch convert_aveMessage/Message_reg[4] cannot be properly analyzed as its control pin convert_aveMessage/Message_reg[4]/G is not reached by a timing clock
Related violations: <none>

TIMING-20#12 Warning
Non-clocked latch  
The latch convert_aveMessage/Message_reg[5] cannot be properly analyzed as its control pin convert_aveMessage/Message_reg[5]/G is not reached by a timing clock
Related violations: <none>

TIMING-20#13 Warning
Non-clocked latch  
The latch convert_aveMessage/Message_reg[6] cannot be properly analyzed as its control pin convert_aveMessage/Message_reg[6]/G is not reached by a timing clock
Related violations: <none>

TIMING-20#14 Warning
Non-clocked latch  
The latch convert_aveMessage/Message_reg[7] cannot be properly analyzed as its control pin convert_aveMessage/Message_reg[7]/G is not reached by a timing clock
Related violations: <none>

TIMING-20#15 Warning
Non-clocked latch  
The latch convert_aveMessage/Message_reg[8] cannot be properly analyzed as its control pin convert_aveMessage/Message_reg[8]/G is not reached by a timing clock
Related violations: <none>

TIMING-20#16 Warning
Non-clocked latch  
The latch convert_aveMessage/Message_reg[9] cannot be properly analyzed as its control pin convert_aveMessage/Message_reg[9]/G is not reached by a timing clock
Related violations: <none>

TIMING-20#17 Warning
Non-clocked latch  
The latch convert_aveMessage/digit_1_reg[0] cannot be properly analyzed as its control pin convert_aveMessage/digit_1_reg[0]/G is not reached by a timing clock
Related violations: <none>

TIMING-20#18 Warning
Non-clocked latch  
The latch convert_aveMessage/digit_1_reg[1] cannot be properly analyzed as its control pin convert_aveMessage/digit_1_reg[1]/G is not reached by a timing clock
Related violations: <none>

TIMING-20#19 Warning
Non-clocked latch  
The latch convert_aveMessage/digit_1_reg[2] cannot be properly analyzed as its control pin convert_aveMessage/digit_1_reg[2]/G is not reached by a timing clock
Related violations: <none>

TIMING-20#20 Warning
Non-clocked latch  
The latch convert_aveMessage/digit_1_reg[3] cannot be properly analyzed as its control pin convert_aveMessage/digit_1_reg[3]/G is not reached by a timing clock
Related violations: <none>

TIMING-20#21 Warning
Non-clocked latch  
The latch convert_aveMessage/digit_2_reg[0] cannot be properly analyzed as its control pin convert_aveMessage/digit_2_reg[0]/G is not reached by a timing clock
Related violations: <none>

TIMING-20#22 Warning
Non-clocked latch  
The latch convert_aveMessage/digit_2_reg[1] cannot be properly analyzed as its control pin convert_aveMessage/digit_2_reg[1]/G is not reached by a timing clock
Related violations: <none>

TIMING-20#23 Warning
Non-clocked latch  
The latch convert_aveMessage/digit_2_reg[2] cannot be properly analyzed as its control pin convert_aveMessage/digit_2_reg[2]/G is not reached by a timing clock
Related violations: <none>

TIMING-20#24 Warning
Non-clocked latch  
The latch convert_aveMessage/digit_2_reg[3] cannot be properly analyzed as its control pin convert_aveMessage/digit_2_reg[3]/G is not reached by a timing clock
Related violations: <none>

TIMING-20#25 Warning
Non-clocked latch  
The latch convert_aveMessage/digit_3_reg[0] cannot be properly analyzed as its control pin convert_aveMessage/digit_3_reg[0]/G is not reached by a timing clock
Related violations: <none>

TIMING-20#26 Warning
Non-clocked latch  
The latch convert_aveMessage/digit_3_reg[1] cannot be properly analyzed as its control pin convert_aveMessage/digit_3_reg[1]/G is not reached by a timing clock
Related violations: <none>

TIMING-20#27 Warning
Non-clocked latch  
The latch convert_aveMessage/digit_3_reg[2] cannot be properly analyzed as its control pin convert_aveMessage/digit_3_reg[2]/G is not reached by a timing clock
Related violations: <none>

TIMING-20#28 Warning
Non-clocked latch  
The latch convert_aveMessage/digit_3_reg[3] cannot be properly analyzed as its control pin convert_aveMessage/digit_3_reg[3]/G is not reached by a timing clock
Related violations: <none>

TIMING-20#29 Warning
Non-clocked latch  
The latch convert_aveMessage/digit_4_reg[0] cannot be properly analyzed as its control pin convert_aveMessage/digit_4_reg[0]/G is not reached by a timing clock
Related violations: <none>

TIMING-20#30 Warning
Non-clocked latch  
The latch convert_aveMessage/digit_4_reg[1] cannot be properly analyzed as its control pin convert_aveMessage/digit_4_reg[1]/G is not reached by a timing clock
Related violations: <none>

TIMING-20#31 Warning
Non-clocked latch  
The latch convert_aveMessage/digit_4_reg[2] cannot be properly analyzed as its control pin convert_aveMessage/digit_4_reg[2]/G is not reached by a timing clock
Related violations: <none>

TIMING-20#32 Warning
Non-clocked latch  
The latch convert_aveMessage/digit_4_reg[3] cannot be properly analyzed as its control pin convert_aveMessage/digit_4_reg[3]/G is not reached by a timing clock
Related violations: <none>

TIMING-20#33 Warning
Non-clocked latch  
The latch convert_maxMessage/Message_reg[0] cannot be properly analyzed as its control pin convert_maxMessage/Message_reg[0]/G is not reached by a timing clock
Related violations: <none>

TIMING-20#34 Warning
Non-clocked latch  
The latch convert_maxMessage/Message_reg[10] cannot be properly analyzed as its control pin convert_maxMessage/Message_reg[10]/G is not reached by a timing clock
Related violations: <none>

TIMING-20#35 Warning
Non-clocked latch  
The latch convert_maxMessage/Message_reg[11] cannot be properly analyzed as its control pin convert_maxMessage/Message_reg[11]/G is not reached by a timing clock
Related violations: <none>

TIMING-20#36 Warning
Non-clocked latch  
The latch convert_maxMessage/Message_reg[12] cannot be properly analyzed as its control pin convert_maxMessage/Message_reg[12]/G is not reached by a timing clock
Related violations: <none>

TIMING-20#37 Warning
Non-clocked latch  
The latch convert_maxMessage/Message_reg[13] cannot be properly analyzed as its control pin convert_maxMessage/Message_reg[13]/G is not reached by a timing clock
Related violations: <none>

TIMING-20#38 Warning
Non-clocked latch  
The latch convert_maxMessage/Message_reg[14] cannot be properly analyzed as its control pin convert_maxMessage/Message_reg[14]/G is not reached by a timing clock
Related violations: <none>

TIMING-20#39 Warning
Non-clocked latch  
The latch convert_maxMessage/Message_reg[15] cannot be properly analyzed as its control pin convert_maxMessage/Message_reg[15]/G is not reached by a timing clock
Related violations: <none>

TIMING-20#40 Warning
Non-clocked latch  
The latch convert_maxMessage/Message_reg[1] cannot be properly analyzed as its control pin convert_maxMessage/Message_reg[1]/G is not reached by a timing clock
Related violations: <none>

TIMING-20#41 Warning
Non-clocked latch  
The latch convert_maxMessage/Message_reg[2] cannot be properly analyzed as its control pin convert_maxMessage/Message_reg[2]/G is not reached by a timing clock
Related violations: <none>

TIMING-20#42 Warning
Non-clocked latch  
The latch convert_maxMessage/Message_reg[3] cannot be properly analyzed as its control pin convert_maxMessage/Message_reg[3]/G is not reached by a timing clock
Related violations: <none>

TIMING-20#43 Warning
Non-clocked latch  
The latch convert_maxMessage/Message_reg[4] cannot be properly analyzed as its control pin convert_maxMessage/Message_reg[4]/G is not reached by a timing clock
Related violations: <none>

TIMING-20#44 Warning
Non-clocked latch  
The latch convert_maxMessage/Message_reg[5] cannot be properly analyzed as its control pin convert_maxMessage/Message_reg[5]/G is not reached by a timing clock
Related violations: <none>

TIMING-20#45 Warning
Non-clocked latch  
The latch convert_maxMessage/Message_reg[6] cannot be properly analyzed as its control pin convert_maxMessage/Message_reg[6]/G is not reached by a timing clock
Related violations: <none>

TIMING-20#46 Warning
Non-clocked latch  
The latch convert_maxMessage/Message_reg[7] cannot be properly analyzed as its control pin convert_maxMessage/Message_reg[7]/G is not reached by a timing clock
Related violations: <none>

TIMING-20#47 Warning
Non-clocked latch  
The latch convert_maxMessage/Message_reg[8] cannot be properly analyzed as its control pin convert_maxMessage/Message_reg[8]/G is not reached by a timing clock
Related violations: <none>

TIMING-20#48 Warning
Non-clocked latch  
The latch convert_maxMessage/Message_reg[9] cannot be properly analyzed as its control pin convert_maxMessage/Message_reg[9]/G is not reached by a timing clock
Related violations: <none>

TIMING-20#49 Warning
Non-clocked latch  
The latch convert_maxMessage/digit_1_reg[0] cannot be properly analyzed as its control pin convert_maxMessage/digit_1_reg[0]/G is not reached by a timing clock
Related violations: <none>

TIMING-20#50 Warning
Non-clocked latch  
The latch convert_maxMessage/digit_1_reg[1] cannot be properly analyzed as its control pin convert_maxMessage/digit_1_reg[1]/G is not reached by a timing clock
Related violations: <none>

TIMING-20#51 Warning
Non-clocked latch  
The latch convert_maxMessage/digit_1_reg[2] cannot be properly analyzed as its control pin convert_maxMessage/digit_1_reg[2]/G is not reached by a timing clock
Related violations: <none>

TIMING-20#52 Warning
Non-clocked latch  
The latch convert_maxMessage/digit_1_reg[3] cannot be properly analyzed as its control pin convert_maxMessage/digit_1_reg[3]/G is not reached by a timing clock
Related violations: <none>

TIMING-20#53 Warning
Non-clocked latch  
The latch convert_maxMessage/digit_2_reg[0] cannot be properly analyzed as its control pin convert_maxMessage/digit_2_reg[0]/G is not reached by a timing clock
Related violations: <none>

TIMING-20#54 Warning
Non-clocked latch  
The latch convert_maxMessage/digit_2_reg[1] cannot be properly analyzed as its control pin convert_maxMessage/digit_2_reg[1]/G is not reached by a timing clock
Related violations: <none>

TIMING-20#55 Warning
Non-clocked latch  
The latch convert_maxMessage/digit_2_reg[2] cannot be properly analyzed as its control pin convert_maxMessage/digit_2_reg[2]/G is not reached by a timing clock
Related violations: <none>

TIMING-20#56 Warning
Non-clocked latch  
The latch convert_maxMessage/digit_2_reg[3] cannot be properly analyzed as its control pin convert_maxMessage/digit_2_reg[3]/G is not reached by a timing clock
Related violations: <none>

TIMING-20#57 Warning
Non-clocked latch  
The latch convert_maxMessage/digit_3_reg[0] cannot be properly analyzed as its control pin convert_maxMessage/digit_3_reg[0]/G is not reached by a timing clock
Related violations: <none>

TIMING-20#58 Warning
Non-clocked latch  
The latch convert_maxMessage/digit_3_reg[1] cannot be properly analyzed as its control pin convert_maxMessage/digit_3_reg[1]/G is not reached by a timing clock
Related violations: <none>

TIMING-20#59 Warning
Non-clocked latch  
The latch convert_maxMessage/digit_3_reg[2] cannot be properly analyzed as its control pin convert_maxMessage/digit_3_reg[2]/G is not reached by a timing clock
Related violations: <none>

TIMING-20#60 Warning
Non-clocked latch  
The latch convert_maxMessage/digit_3_reg[3] cannot be properly analyzed as its control pin convert_maxMessage/digit_3_reg[3]/G is not reached by a timing clock
Related violations: <none>

TIMING-20#61 Warning
Non-clocked latch  
The latch convert_maxMessage/digit_4_reg[0] cannot be properly analyzed as its control pin convert_maxMessage/digit_4_reg[0]/G is not reached by a timing clock
Related violations: <none>

TIMING-20#62 Warning
Non-clocked latch  
The latch convert_maxMessage/digit_4_reg[1] cannot be properly analyzed as its control pin convert_maxMessage/digit_4_reg[1]/G is not reached by a timing clock
Related violations: <none>

TIMING-20#63 Warning
Non-clocked latch  
The latch convert_maxMessage/digit_4_reg[2] cannot be properly analyzed as its control pin convert_maxMessage/digit_4_reg[2]/G is not reached by a timing clock
Related violations: <none>

TIMING-20#64 Warning
Non-clocked latch  
The latch convert_maxMessage/digit_4_reg[3] cannot be properly analyzed as its control pin convert_maxMessage/digit_4_reg[3]/G is not reached by a timing clock
Related violations: <none>

TIMING-20#65 Warning
Non-clocked latch  
The latch convert_minMessage/Message_reg[0] cannot be properly analyzed as its control pin convert_minMessage/Message_reg[0]/G is not reached by a timing clock
Related violations: <none>

TIMING-20#66 Warning
Non-clocked latch  
The latch convert_minMessage/Message_reg[10] cannot be properly analyzed as its control pin convert_minMessage/Message_reg[10]/G is not reached by a timing clock
Related violations: <none>

TIMING-20#67 Warning
Non-clocked latch  
The latch convert_minMessage/Message_reg[11] cannot be properly analyzed as its control pin convert_minMessage/Message_reg[11]/G is not reached by a timing clock
Related violations: <none>

TIMING-20#68 Warning
Non-clocked latch  
The latch convert_minMessage/Message_reg[12] cannot be properly analyzed as its control pin convert_minMessage/Message_reg[12]/G is not reached by a timing clock
Related violations: <none>

TIMING-20#69 Warning
Non-clocked latch  
The latch convert_minMessage/Message_reg[13] cannot be properly analyzed as its control pin convert_minMessage/Message_reg[13]/G is not reached by a timing clock
Related violations: <none>

TIMING-20#70 Warning
Non-clocked latch  
The latch convert_minMessage/Message_reg[14] cannot be properly analyzed as its control pin convert_minMessage/Message_reg[14]/G is not reached by a timing clock
Related violations: <none>

TIMING-20#71 Warning
Non-clocked latch  
The latch convert_minMessage/Message_reg[15] cannot be properly analyzed as its control pin convert_minMessage/Message_reg[15]/G is not reached by a timing clock
Related violations: <none>

TIMING-20#72 Warning
Non-clocked latch  
The latch convert_minMessage/Message_reg[1] cannot be properly analyzed as its control pin convert_minMessage/Message_reg[1]/G is not reached by a timing clock
Related violations: <none>

TIMING-20#73 Warning
Non-clocked latch  
The latch convert_minMessage/Message_reg[2] cannot be properly analyzed as its control pin convert_minMessage/Message_reg[2]/G is not reached by a timing clock
Related violations: <none>

TIMING-20#74 Warning
Non-clocked latch  
The latch convert_minMessage/Message_reg[3] cannot be properly analyzed as its control pin convert_minMessage/Message_reg[3]/G is not reached by a timing clock
Related violations: <none>

TIMING-20#75 Warning
Non-clocked latch  
The latch convert_minMessage/Message_reg[4] cannot be properly analyzed as its control pin convert_minMessage/Message_reg[4]/G is not reached by a timing clock
Related violations: <none>

TIMING-20#76 Warning
Non-clocked latch  
The latch convert_minMessage/Message_reg[5] cannot be properly analyzed as its control pin convert_minMessage/Message_reg[5]/G is not reached by a timing clock
Related violations: <none>

TIMING-20#77 Warning
Non-clocked latch  
The latch convert_minMessage/Message_reg[6] cannot be properly analyzed as its control pin convert_minMessage/Message_reg[6]/G is not reached by a timing clock
Related violations: <none>

TIMING-20#78 Warning
Non-clocked latch  
The latch convert_minMessage/Message_reg[7] cannot be properly analyzed as its control pin convert_minMessage/Message_reg[7]/G is not reached by a timing clock
Related violations: <none>

TIMING-20#79 Warning
Non-clocked latch  
The latch convert_minMessage/Message_reg[8] cannot be properly analyzed as its control pin convert_minMessage/Message_reg[8]/G is not reached by a timing clock
Related violations: <none>

TIMING-20#80 Warning
Non-clocked latch  
The latch convert_minMessage/Message_reg[9] cannot be properly analyzed as its control pin convert_minMessage/Message_reg[9]/G is not reached by a timing clock
Related violations: <none>

TIMING-20#81 Warning
Non-clocked latch  
The latch convert_minMessage/digit_1_reg[0] cannot be properly analyzed as its control pin convert_minMessage/digit_1_reg[0]/G is not reached by a timing clock
Related violations: <none>

TIMING-20#82 Warning
Non-clocked latch  
The latch convert_minMessage/digit_1_reg[1] cannot be properly analyzed as its control pin convert_minMessage/digit_1_reg[1]/G is not reached by a timing clock
Related violations: <none>

TIMING-20#83 Warning
Non-clocked latch  
The latch convert_minMessage/digit_1_reg[2] cannot be properly analyzed as its control pin convert_minMessage/digit_1_reg[2]/G is not reached by a timing clock
Related violations: <none>

TIMING-20#84 Warning
Non-clocked latch  
The latch convert_minMessage/digit_1_reg[3] cannot be properly analyzed as its control pin convert_minMessage/digit_1_reg[3]/G is not reached by a timing clock
Related violations: <none>

TIMING-20#85 Warning
Non-clocked latch  
The latch convert_minMessage/digit_2_reg[0] cannot be properly analyzed as its control pin convert_minMessage/digit_2_reg[0]/G is not reached by a timing clock
Related violations: <none>

TIMING-20#86 Warning
Non-clocked latch  
The latch convert_minMessage/digit_2_reg[1] cannot be properly analyzed as its control pin convert_minMessage/digit_2_reg[1]/G is not reached by a timing clock
Related violations: <none>

TIMING-20#87 Warning
Non-clocked latch  
The latch convert_minMessage/digit_2_reg[2] cannot be properly analyzed as its control pin convert_minMessage/digit_2_reg[2]/G is not reached by a timing clock
Related violations: <none>

TIMING-20#88 Warning
Non-clocked latch  
The latch convert_minMessage/digit_2_reg[3] cannot be properly analyzed as its control pin convert_minMessage/digit_2_reg[3]/G is not reached by a timing clock
Related violations: <none>

TIMING-20#89 Warning
Non-clocked latch  
The latch convert_minMessage/digit_3_reg[0] cannot be properly analyzed as its control pin convert_minMessage/digit_3_reg[0]/G is not reached by a timing clock
Related violations: <none>

TIMING-20#90 Warning
Non-clocked latch  
The latch convert_minMessage/digit_3_reg[1] cannot be properly analyzed as its control pin convert_minMessage/digit_3_reg[1]/G is not reached by a timing clock
Related violations: <none>

TIMING-20#91 Warning
Non-clocked latch  
The latch convert_minMessage/digit_3_reg[2] cannot be properly analyzed as its control pin convert_minMessage/digit_3_reg[2]/G is not reached by a timing clock
Related violations: <none>

TIMING-20#92 Warning
Non-clocked latch  
The latch convert_minMessage/digit_3_reg[3] cannot be properly analyzed as its control pin convert_minMessage/digit_3_reg[3]/G is not reached by a timing clock
Related violations: <none>

TIMING-20#93 Warning
Non-clocked latch  
The latch convert_minMessage/digit_4_reg[0] cannot be properly analyzed as its control pin convert_minMessage/digit_4_reg[0]/G is not reached by a timing clock
Related violations: <none>

TIMING-20#94 Warning
Non-clocked latch  
The latch convert_minMessage/digit_4_reg[1] cannot be properly analyzed as its control pin convert_minMessage/digit_4_reg[1]/G is not reached by a timing clock
Related violations: <none>

TIMING-20#95 Warning
Non-clocked latch  
The latch convert_minMessage/digit_4_reg[2] cannot be properly analyzed as its control pin convert_minMessage/digit_4_reg[2]/G is not reached by a timing clock
Related violations: <none>

TIMING-20#96 Warning
Non-clocked latch  
The latch convert_minMessage/digit_4_reg[3] cannot be properly analyzed as its control pin convert_minMessage/digit_4_reg[3]/G is not reached by a timing clock
Related violations: <none>

TIMING-20#97 Warning
Non-clocked latch  
The latch convert_time_1/intermediate_reg[0] cannot be properly analyzed as its control pin convert_time_1/intermediate_reg[0]/G is not reached by a timing clock
Related violations: <none>

TIMING-20#98 Warning
Non-clocked latch  
The latch convert_time_1/intermediate_reg[10] cannot be properly analyzed as its control pin convert_time_1/intermediate_reg[10]/G is not reached by a timing clock
Related violations: <none>

TIMING-20#99 Warning
Non-clocked latch  
The latch convert_time_1/intermediate_reg[11] cannot be properly analyzed as its control pin convert_time_1/intermediate_reg[11]/G is not reached by a timing clock
Related violations: <none>

TIMING-20#100 Warning
Non-clocked latch  
The latch convert_time_1/intermediate_reg[12] cannot be properly analyzed as its control pin convert_time_1/intermediate_reg[12]/G is not reached by a timing clock
Related violations: <none>

TIMING-20#101 Warning
Non-clocked latch  
The latch convert_time_1/intermediate_reg[13] cannot be properly analyzed as its control pin convert_time_1/intermediate_reg[13]/G is not reached by a timing clock
Related violations: <none>

TIMING-20#102 Warning
Non-clocked latch  
The latch convert_time_1/intermediate_reg[14] cannot be properly analyzed as its control pin convert_time_1/intermediate_reg[14]/G is not reached by a timing clock
Related violations: <none>

TIMING-20#103 Warning
Non-clocked latch  
The latch convert_time_1/intermediate_reg[1] cannot be properly analyzed as its control pin convert_time_1/intermediate_reg[1]/G is not reached by a timing clock
Related violations: <none>

TIMING-20#104 Warning
Non-clocked latch  
The latch convert_time_1/intermediate_reg[2] cannot be properly analyzed as its control pin convert_time_1/intermediate_reg[2]/G is not reached by a timing clock
Related violations: <none>

TIMING-20#105 Warning
Non-clocked latch  
The latch convert_time_1/intermediate_reg[3] cannot be properly analyzed as its control pin convert_time_1/intermediate_reg[3]/G is not reached by a timing clock
Related violations: <none>

TIMING-20#106 Warning
Non-clocked latch  
The latch convert_time_1/intermediate_reg[4] cannot be properly analyzed as its control pin convert_time_1/intermediate_reg[4]/G is not reached by a timing clock
Related violations: <none>

TIMING-20#107 Warning
Non-clocked latch  
The latch convert_time_1/intermediate_reg[5] cannot be properly analyzed as its control pin convert_time_1/intermediate_reg[5]/G is not reached by a timing clock
Related violations: <none>

TIMING-20#108 Warning
Non-clocked latch  
The latch convert_time_1/intermediate_reg[6] cannot be properly analyzed as its control pin convert_time_1/intermediate_reg[6]/G is not reached by a timing clock
Related violations: <none>

TIMING-20#109 Warning
Non-clocked latch  
The latch convert_time_1/intermediate_reg[7] cannot be properly analyzed as its control pin convert_time_1/intermediate_reg[7]/G is not reached by a timing clock
Related violations: <none>

TIMING-20#110 Warning
Non-clocked latch  
The latch convert_time_1/intermediate_reg[8] cannot be properly analyzed as its control pin convert_time_1/intermediate_reg[8]/G is not reached by a timing clock
Related violations: <none>

TIMING-20#111 Warning
Non-clocked latch  
The latch convert_time_1/intermediate_reg[9] cannot be properly analyzed as its control pin convert_time_1/intermediate_reg[9]/G is not reached by a timing clock
Related violations: <none>

TIMING-20#112 Warning
Non-clocked latch  
The latch convert_time_2/intermediate_reg[0] cannot be properly analyzed as its control pin convert_time_2/intermediate_reg[0]/G is not reached by a timing clock
Related violations: <none>

TIMING-20#113 Warning
Non-clocked latch  
The latch convert_time_2/intermediate_reg[10] cannot be properly analyzed as its control pin convert_time_2/intermediate_reg[10]/G is not reached by a timing clock
Related violations: <none>

TIMING-20#114 Warning
Non-clocked latch  
The latch convert_time_2/intermediate_reg[11] cannot be properly analyzed as its control pin convert_time_2/intermediate_reg[11]/G is not reached by a timing clock
Related violations: <none>

TIMING-20#115 Warning
Non-clocked latch  
The latch convert_time_2/intermediate_reg[12] cannot be properly analyzed as its control pin convert_time_2/intermediate_reg[12]/G is not reached by a timing clock
Related violations: <none>

TIMING-20#116 Warning
Non-clocked latch  
The latch convert_time_2/intermediate_reg[13] cannot be properly analyzed as its control pin convert_time_2/intermediate_reg[13]/G is not reached by a timing clock
Related violations: <none>

TIMING-20#117 Warning
Non-clocked latch  
The latch convert_time_2/intermediate_reg[14] cannot be properly analyzed as its control pin convert_time_2/intermediate_reg[14]/G is not reached by a timing clock
Related violations: <none>

TIMING-20#118 Warning
Non-clocked latch  
The latch convert_time_2/intermediate_reg[1] cannot be properly analyzed as its control pin convert_time_2/intermediate_reg[1]/G is not reached by a timing clock
Related violations: <none>

TIMING-20#119 Warning
Non-clocked latch  
The latch convert_time_2/intermediate_reg[2] cannot be properly analyzed as its control pin convert_time_2/intermediate_reg[2]/G is not reached by a timing clock
Related violations: <none>

TIMING-20#120 Warning
Non-clocked latch  
The latch convert_time_2/intermediate_reg[3] cannot be properly analyzed as its control pin convert_time_2/intermediate_reg[3]/G is not reached by a timing clock
Related violations: <none>

TIMING-20#121 Warning
Non-clocked latch  
The latch convert_time_2/intermediate_reg[4] cannot be properly analyzed as its control pin convert_time_2/intermediate_reg[4]/G is not reached by a timing clock
Related violations: <none>

TIMING-20#122 Warning
Non-clocked latch  
The latch convert_time_2/intermediate_reg[5] cannot be properly analyzed as its control pin convert_time_2/intermediate_reg[5]/G is not reached by a timing clock
Related violations: <none>

TIMING-20#123 Warning
Non-clocked latch  
The latch convert_time_2/intermediate_reg[6] cannot be properly analyzed as its control pin convert_time_2/intermediate_reg[6]/G is not reached by a timing clock
Related violations: <none>

TIMING-20#124 Warning
Non-clocked latch  
The latch convert_time_2/intermediate_reg[7] cannot be properly analyzed as its control pin convert_time_2/intermediate_reg[7]/G is not reached by a timing clock
Related violations: <none>

TIMING-20#125 Warning
Non-clocked latch  
The latch convert_time_2/intermediate_reg[8] cannot be properly analyzed as its control pin convert_time_2/intermediate_reg[8]/G is not reached by a timing clock
Related violations: <none>

TIMING-20#126 Warning
Non-clocked latch  
The latch convert_time_2/intermediate_reg[9] cannot be properly analyzed as its control pin convert_time_2/intermediate_reg[9]/G is not reached by a timing clock
Related violations: <none>

TIMING-20#127 Warning
Non-clocked latch  
The latch convert_time_3/intermediate_reg[0] cannot be properly analyzed as its control pin convert_time_3/intermediate_reg[0]/G is not reached by a timing clock
Related violations: <none>

TIMING-20#128 Warning
Non-clocked latch  
The latch convert_time_3/intermediate_reg[10] cannot be properly analyzed as its control pin convert_time_3/intermediate_reg[10]/G is not reached by a timing clock
Related violations: <none>

TIMING-20#129 Warning
Non-clocked latch  
The latch convert_time_3/intermediate_reg[11] cannot be properly analyzed as its control pin convert_time_3/intermediate_reg[11]/G is not reached by a timing clock
Related violations: <none>

TIMING-20#130 Warning
Non-clocked latch  
The latch convert_time_3/intermediate_reg[12] cannot be properly analyzed as its control pin convert_time_3/intermediate_reg[12]/G is not reached by a timing clock
Related violations: <none>

TIMING-20#131 Warning
Non-clocked latch  
The latch convert_time_3/intermediate_reg[13] cannot be properly analyzed as its control pin convert_time_3/intermediate_reg[13]/G is not reached by a timing clock
Related violations: <none>

TIMING-20#132 Warning
Non-clocked latch  
The latch convert_time_3/intermediate_reg[14] cannot be properly analyzed as its control pin convert_time_3/intermediate_reg[14]/G is not reached by a timing clock
Related violations: <none>

TIMING-20#133 Warning
Non-clocked latch  
The latch convert_time_3/intermediate_reg[1] cannot be properly analyzed as its control pin convert_time_3/intermediate_reg[1]/G is not reached by a timing clock
Related violations: <none>

TIMING-20#134 Warning
Non-clocked latch  
The latch convert_time_3/intermediate_reg[2] cannot be properly analyzed as its control pin convert_time_3/intermediate_reg[2]/G is not reached by a timing clock
Related violations: <none>

TIMING-20#135 Warning
Non-clocked latch  
The latch convert_time_3/intermediate_reg[3] cannot be properly analyzed as its control pin convert_time_3/intermediate_reg[3]/G is not reached by a timing clock
Related violations: <none>

TIMING-20#136 Warning
Non-clocked latch  
The latch convert_time_3/intermediate_reg[4] cannot be properly analyzed as its control pin convert_time_3/intermediate_reg[4]/G is not reached by a timing clock
Related violations: <none>

TIMING-20#137 Warning
Non-clocked latch  
The latch convert_time_3/intermediate_reg[5] cannot be properly analyzed as its control pin convert_time_3/intermediate_reg[5]/G is not reached by a timing clock
Related violations: <none>

TIMING-20#138 Warning
Non-clocked latch  
The latch convert_time_3/intermediate_reg[6] cannot be properly analyzed as its control pin convert_time_3/intermediate_reg[6]/G is not reached by a timing clock
Related violations: <none>

TIMING-20#139 Warning
Non-clocked latch  
The latch convert_time_3/intermediate_reg[7] cannot be properly analyzed as its control pin convert_time_3/intermediate_reg[7]/G is not reached by a timing clock
Related violations: <none>

TIMING-20#140 Warning
Non-clocked latch  
The latch convert_time_3/intermediate_reg[8] cannot be properly analyzed as its control pin convert_time_3/intermediate_reg[8]/G is not reached by a timing clock
Related violations: <none>

TIMING-20#141 Warning
Non-clocked latch  
The latch convert_time_3/intermediate_reg[9] cannot be properly analyzed as its control pin convert_time_3/intermediate_reg[9]/G is not reached by a timing clock
Related violations: <none>

TIMING-20#142 Warning
Non-clocked latch  
The latch inst_FSM/previous_state_reg[0] cannot be properly analyzed as its control pin inst_FSM/previous_state_reg[0]/G is not reached by a timing clock
Related violations: <none>

TIMING-20#143 Warning
Non-clocked latch  
The latch inst_FSM/previous_state_reg[1] cannot be properly analyzed as its control pin inst_FSM/previous_state_reg[1]/G is not reached by a timing clock
Related violations: <none>

TIMING-20#144 Warning
Non-clocked latch  
The latch inst_FSM/previous_state_reg[2] cannot be properly analyzed as its control pin inst_FSM/previous_state_reg[2]/G is not reached by a timing clock
Related violations: <none>

TIMING-20#145 Warning
Non-clocked latch  
The latch inst_FSM/previous_state_reg[3] cannot be properly analyzed as its control pin inst_FSM/previous_state_reg[3]/G is not reached by a timing clock
Related violations: <none>

TIMING-20#146 Warning
Non-clocked latch  
The latch inst_bcd_to_7seg/seg_reg[0] cannot be properly analyzed as its control pin inst_bcd_to_7seg/seg_reg[0]/G is not reached by a timing clock
Related violations: <none>

TIMING-20#147 Warning
Non-clocked latch  
The latch inst_bcd_to_7seg/seg_reg[1] cannot be properly analyzed as its control pin inst_bcd_to_7seg/seg_reg[1]/G is not reached by a timing clock
Related violations: <none>

TIMING-20#148 Warning
Non-clocked latch  
The latch inst_bcd_to_7seg/seg_reg[2] cannot be properly analyzed as its control pin inst_bcd_to_7seg/seg_reg[2]/G is not reached by a timing clock
Related violations: <none>

TIMING-20#149 Warning
Non-clocked latch  
The latch inst_bcd_to_7seg/seg_reg[3] cannot be properly analyzed as its control pin inst_bcd_to_7seg/seg_reg[3]/G is not reached by a timing clock
Related violations: <none>

TIMING-20#150 Warning
Non-clocked latch  
The latch inst_bcd_to_7seg/seg_reg[4] cannot be properly analyzed as its control pin inst_bcd_to_7seg/seg_reg[4]/G is not reached by a timing clock
Related violations: <none>

TIMING-20#151 Warning
Non-clocked latch  
The latch inst_bcd_to_7seg/seg_reg[5] cannot be properly analyzed as its control pin inst_bcd_to_7seg/seg_reg[5]/G is not reached by a timing clock
Related violations: <none>

TIMING-20#152 Warning
Non-clocked latch  
The latch inst_bcd_to_7seg/seg_reg[6] cannot be properly analyzed as its control pin inst_bcd_to_7seg/seg_reg[6]/G is not reached by a timing clock
Related violations: <none>

TIMING-20#153 Warning
Non-clocked latch  
The latch inst_findAverage/intermediate_reg[0] cannot be properly analyzed as its control pin inst_findAverage/intermediate_reg[0]/G is not reached by a timing clock
Related violations: <none>

TIMING-20#154 Warning
Non-clocked latch  
The latch inst_findAverage/intermediate_reg[10] cannot be properly analyzed as its control pin inst_findAverage/intermediate_reg[10]/G is not reached by a timing clock
Related violations: <none>

TIMING-20#155 Warning
Non-clocked latch  
The latch inst_findAverage/intermediate_reg[11] cannot be properly analyzed as its control pin inst_findAverage/intermediate_reg[11]/G is not reached by a timing clock
Related violations: <none>

TIMING-20#156 Warning
Non-clocked latch  
The latch inst_findAverage/intermediate_reg[12] cannot be properly analyzed as its control pin inst_findAverage/intermediate_reg[12]/G is not reached by a timing clock
Related violations: <none>

TIMING-20#157 Warning
Non-clocked latch  
The latch inst_findAverage/intermediate_reg[13] cannot be properly analyzed as its control pin inst_findAverage/intermediate_reg[13]/G is not reached by a timing clock
Related violations: <none>

TIMING-20#158 Warning
Non-clocked latch  
The latch inst_findAverage/intermediate_reg[14] cannot be properly analyzed as its control pin inst_findAverage/intermediate_reg[14]/G is not reached by a timing clock
Related violations: <none>

TIMING-20#159 Warning
Non-clocked latch  
The latch inst_findAverage/intermediate_reg[1] cannot be properly analyzed as its control pin inst_findAverage/intermediate_reg[1]/G is not reached by a timing clock
Related violations: <none>

TIMING-20#160 Warning
Non-clocked latch  
The latch inst_findAverage/intermediate_reg[2] cannot be properly analyzed as its control pin inst_findAverage/intermediate_reg[2]/G is not reached by a timing clock
Related violations: <none>

TIMING-20#161 Warning
Non-clocked latch  
The latch inst_findAverage/intermediate_reg[3] cannot be properly analyzed as its control pin inst_findAverage/intermediate_reg[3]/G is not reached by a timing clock
Related violations: <none>

TIMING-20#162 Warning
Non-clocked latch  
The latch inst_findAverage/intermediate_reg[4] cannot be properly analyzed as its control pin inst_findAverage/intermediate_reg[4]/G is not reached by a timing clock
Related violations: <none>

TIMING-20#163 Warning
Non-clocked latch  
The latch inst_findAverage/intermediate_reg[5] cannot be properly analyzed as its control pin inst_findAverage/intermediate_reg[5]/G is not reached by a timing clock
Related violations: <none>

TIMING-20#164 Warning
Non-clocked latch  
The latch inst_findAverage/intermediate_reg[6] cannot be properly analyzed as its control pin inst_findAverage/intermediate_reg[6]/G is not reached by a timing clock
Related violations: <none>

TIMING-20#165 Warning
Non-clocked latch  
The latch inst_findAverage/intermediate_reg[7] cannot be properly analyzed as its control pin inst_findAverage/intermediate_reg[7]/G is not reached by a timing clock
Related violations: <none>

TIMING-20#166 Warning
Non-clocked latch  
The latch inst_findAverage/intermediate_reg[8] cannot be properly analyzed as its control pin inst_findAverage/intermediate_reg[8]/G is not reached by a timing clock
Related violations: <none>

TIMING-20#167 Warning
Non-clocked latch  
The latch inst_findAverage/intermediate_reg[9] cannot be properly analyzed as its control pin inst_findAverage/intermediate_reg[9]/G is not reached by a timing clock
Related violations: <none>

TIMING-20#168 Warning
Non-clocked latch  
The latch inst_findMax/max_reg[0] cannot be properly analyzed as its control pin inst_findMax/max_reg[0]/G is not reached by a timing clock
Related violations: <none>

TIMING-20#169 Warning
Non-clocked latch  
The latch inst_findMax/max_reg[10] cannot be properly analyzed as its control pin inst_findMax/max_reg[10]/G is not reached by a timing clock
Related violations: <none>

TIMING-20#170 Warning
Non-clocked latch  
The latch inst_findMax/max_reg[11] cannot be properly analyzed as its control pin inst_findMax/max_reg[11]/G is not reached by a timing clock
Related violations: <none>

TIMING-20#171 Warning
Non-clocked latch  
The latch inst_findMax/max_reg[12] cannot be properly analyzed as its control pin inst_findMax/max_reg[12]/G is not reached by a timing clock
Related violations: <none>

TIMING-20#172 Warning
Non-clocked latch  
The latch inst_findMax/max_reg[13] cannot be properly analyzed as its control pin inst_findMax/max_reg[13]/G is not reached by a timing clock
Related violations: <none>

TIMING-20#173 Warning
Non-clocked latch  
The latch inst_findMax/max_reg[14] cannot be properly analyzed as its control pin inst_findMax/max_reg[14]/G is not reached by a timing clock
Related violations: <none>

TIMING-20#174 Warning
Non-clocked latch  
The latch inst_findMax/max_reg[1] cannot be properly analyzed as its control pin inst_findMax/max_reg[1]/G is not reached by a timing clock
Related violations: <none>

TIMING-20#175 Warning
Non-clocked latch  
The latch inst_findMax/max_reg[2] cannot be properly analyzed as its control pin inst_findMax/max_reg[2]/G is not reached by a timing clock
Related violations: <none>

TIMING-20#176 Warning
Non-clocked latch  
The latch inst_findMax/max_reg[3] cannot be properly analyzed as its control pin inst_findMax/max_reg[3]/G is not reached by a timing clock
Related violations: <none>

TIMING-20#177 Warning
Non-clocked latch  
The latch inst_findMax/max_reg[4] cannot be properly analyzed as its control pin inst_findMax/max_reg[4]/G is not reached by a timing clock
Related violations: <none>

TIMING-20#178 Warning
Non-clocked latch  
The latch inst_findMax/max_reg[5] cannot be properly analyzed as its control pin inst_findMax/max_reg[5]/G is not reached by a timing clock
Related violations: <none>

TIMING-20#179 Warning
Non-clocked latch  
The latch inst_findMax/max_reg[6] cannot be properly analyzed as its control pin inst_findMax/max_reg[6]/G is not reached by a timing clock
Related violations: <none>

TIMING-20#180 Warning
Non-clocked latch  
The latch inst_findMax/max_reg[7] cannot be properly analyzed as its control pin inst_findMax/max_reg[7]/G is not reached by a timing clock
Related violations: <none>

TIMING-20#181 Warning
Non-clocked latch  
The latch inst_findMax/max_reg[8] cannot be properly analyzed as its control pin inst_findMax/max_reg[8]/G is not reached by a timing clock
Related violations: <none>

TIMING-20#182 Warning
Non-clocked latch  
The latch inst_findMax/max_reg[9] cannot be properly analyzed as its control pin inst_findMax/max_reg[9]/G is not reached by a timing clock
Related violations: <none>

TIMING-20#183 Warning
Non-clocked latch  
The latch inst_findMin/min_reg[0] cannot be properly analyzed as its control pin inst_findMin/min_reg[0]/G is not reached by a timing clock
Related violations: <none>

TIMING-20#184 Warning
Non-clocked latch  
The latch inst_findMin/min_reg[10] cannot be properly analyzed as its control pin inst_findMin/min_reg[10]/G is not reached by a timing clock
Related violations: <none>

TIMING-20#185 Warning
Non-clocked latch  
The latch inst_findMin/min_reg[11] cannot be properly analyzed as its control pin inst_findMin/min_reg[11]/G is not reached by a timing clock
Related violations: <none>

TIMING-20#186 Warning
Non-clocked latch  
The latch inst_findMin/min_reg[12] cannot be properly analyzed as its control pin inst_findMin/min_reg[12]/G is not reached by a timing clock
Related violations: <none>

TIMING-20#187 Warning
Non-clocked latch  
The latch inst_findMin/min_reg[13] cannot be properly analyzed as its control pin inst_findMin/min_reg[13]/G is not reached by a timing clock
Related violations: <none>

TIMING-20#188 Warning
Non-clocked latch  
The latch inst_findMin/min_reg[14] cannot be properly analyzed as its control pin inst_findMin/min_reg[14]/G is not reached by a timing clock
Related violations: <none>

TIMING-20#189 Warning
Non-clocked latch  
The latch inst_findMin/min_reg[1] cannot be properly analyzed as its control pin inst_findMin/min_reg[1]/G is not reached by a timing clock
Related violations: <none>

TIMING-20#190 Warning
Non-clocked latch  
The latch inst_findMin/min_reg[2] cannot be properly analyzed as its control pin inst_findMin/min_reg[2]/G is not reached by a timing clock
Related violations: <none>

TIMING-20#191 Warning
Non-clocked latch  
The latch inst_findMin/min_reg[3] cannot be properly analyzed as its control pin inst_findMin/min_reg[3]/G is not reached by a timing clock
Related violations: <none>

TIMING-20#192 Warning
Non-clocked latch  
The latch inst_findMin/min_reg[4] cannot be properly analyzed as its control pin inst_findMin/min_reg[4]/G is not reached by a timing clock
Related violations: <none>

TIMING-20#193 Warning
Non-clocked latch  
The latch inst_findMin/min_reg[5] cannot be properly analyzed as its control pin inst_findMin/min_reg[5]/G is not reached by a timing clock
Related violations: <none>

TIMING-20#194 Warning
Non-clocked latch  
The latch inst_findMin/min_reg[6] cannot be properly analyzed as its control pin inst_findMin/min_reg[6]/G is not reached by a timing clock
Related violations: <none>

TIMING-20#195 Warning
Non-clocked latch  
The latch inst_findMin/min_reg[7] cannot be properly analyzed as its control pin inst_findMin/min_reg[7]/G is not reached by a timing clock
Related violations: <none>

TIMING-20#196 Warning
Non-clocked latch  
The latch inst_findMin/min_reg[8] cannot be properly analyzed as its control pin inst_findMin/min_reg[8]/G is not reached by a timing clock
Related violations: <none>

TIMING-20#197 Warning
Non-clocked latch  
The latch inst_findMin/min_reg[9] cannot be properly analyzed as its control pin inst_findMin/min_reg[9]/G is not reached by a timing clock
Related violations: <none>

LATCH-1#1 Advisory
Existing latches in the design  
There are 197 latches found in the design. Inferred latches are often the result of HDL coding mistakes, such as incomplete if or case statements.
Related violations: <none>


