#-----------------------------------------------------------
# Vivado v2022.2 (64-bit)
# SW Build 3671981 on Fri Oct 14 05:00:03 MDT 2022
# IP Build 3669848 on Fri Oct 14 08:30:02 MDT 2022
# Start of session at: Fri May  3 13:33:06 2024
# Process ID: 1348
# Current directory: H:/FriGroup13
# Command line: vivado.exe -gui_launcher_event rodinguilauncherevent16632 H:\FriGroup13\CLK_Divider.xpr
# Log file: H:/FriGroup13/vivado.log
# Journal file: H:/FriGroup13\vivado.jou
# Running On: ECE-ELECTRO-11, OS: Windows, CPU Frequency: 3600 MHz, CPU Physical cores: 4, Host memory: 17053 MB
#-----------------------------------------------------------
start_gui
open_project H:/FriGroup13/CLK_Divider.xpr
WARNING: [Board 49-26] cannot add Board Part digilentinc.com:arty-z7-10:part0:1.1 available at C:/Xilinx/Vivado/2022.2/data/boards/board_files/arty-z7-10/A.0/board.xml as part xc7z010clg400-1 specified in board_part file is either invalid or not available
WARNING: [Board 49-26] cannot add Board Part digilentinc.com:arty-z7-20:part0:1.1 available at C:/Xilinx/Vivado/2022.2/data/boards/board_files/arty-z7-20/A.0/board.xml as part xc7z020clg400-1 specified in board_part file is either invalid or not available
WARNING: [Board 49-26] cannot add Board Part digilentinc.com:cora-z7-07s:part0:1.1 available at C:/Xilinx/Vivado/2022.2/data/boards/board_files/cora-z7-07s/B.0/board.xml as part xc7z007sclg400-1 specified in board_part file is either invalid or not available
WARNING: [Board 49-26] cannot add Board Part digilentinc.com:cora-z7-10:part0:1.1 available at C:/Xilinx/Vivado/2022.2/data/boards/board_files/cora-z7-10/B.0/board.xml as part xc7z010clg400-1 specified in board_part file is either invalid or not available
WARNING: [Board 49-26] cannot add Board Part digilentinc.com:eclypse-z7:part0:1.0 available at C:/Xilinx/Vivado/2022.2/data/boards/board_files/eclypse-z7/A.0/board.xml as part xc7z020clg484-1 specified in board_part file is either invalid or not available
WARNING: [Board 49-26] cannot add Board Part digilentinc.com:eclypse-z7:part0:1.1 available at C:/Xilinx/Vivado/2022.2/data/boards/board_files/eclypse-z7/B.0/board.xml as part xc7z020clg484-1 specified in board_part file is either invalid or not available
WARNING: [Board 49-26] cannot add Board Part digilentinc.com:genesys2:part0:1.1 available at C:/Xilinx/Vivado/2022.2/data/boards/board_files/genesys2/H/board.xml as part xc7k325tffg900-2 specified in board_part file is either invalid or not available
WARNING: [Board 49-26] cannot add Board Part digilentinc.com:gzu_3eg:part0:1.0 available at C:/Xilinx/Vivado/2022.2/data/boards/board_files/genesys-zu-3eg/B.0/board.xml as part xczu3eg-sfvc784-1-e specified in board_part file is either invalid or not available
WARNING: [Board 49-26] cannot add Board Part digilentinc.com:gzu_3eg:part0:1.1 available at C:/Xilinx/Vivado/2022.2/data/boards/board_files/genesys-zu-3eg/D.0/board.xml as part xczu3eg-sfvc784-1-e specified in board_part file is either invalid or not available
WARNING: [Board 49-26] cannot add Board Part digilentinc.com:gzu_5ev:part0:1.1 available at C:/Xilinx/Vivado/2022.2/data/boards/board_files/genesys-zu-5ev/C.0/board.xml as part xczu5ev-sfvc784-1-e specified in board_part file is either invalid or not available
WARNING: [Board 49-26] cannot add Board Part digilentinc.com:sword:part0:1.0 available at C:/Xilinx/Vivado/2022.2/data/boards/board_files/sword/C.0/board.xml as part xc7k325tffg900-2 specified in board_part file is either invalid or not available
WARNING: [Board 49-26] cannot add Board Part digilentinc.com:zedboard:part0:1.1 available at C:/Xilinx/Vivado/2022.2/data/boards/board_files/zedboard/1.3/board.xml as part xc7z020clg484-1 specified in board_part file is either invalid or not available
WARNING: [Board 49-26] cannot add Board Part digilentinc.com:zybo-z7-10:part0:1.2 available at C:/Xilinx/Vivado/2022.2/data/boards/board_files/zybo-z7-10/A.0/board.xml as part xc7z010clg400-1 specified in board_part file is either invalid or not available
WARNING: [Board 49-26] cannot add Board Part digilentinc.com:zybo-z7-20:part0:1.2 available at C:/Xilinx/Vivado/2022.2/data/boards/board_files/zybo-z7-20/A.0/board.xml as part xc7z020clg400-1 specified in board_part file is either invalid or not available
WARNING: [Board 49-26] cannot add Board Part digilentinc.com:zybo:part0:1.0 available at C:/Xilinx/Vivado/2022.2/data/boards/board_files/zybo/B.3/board.xml as part xc7z010clg400-1 specified in board_part file is either invalid or not available
WARNING: [Board 49-26] cannot add Board Part digilentinc.com:zybo:part0:2.0 available at C:/Xilinx/Vivado/2022.2/data/boards/board_files/zybo/B.4/board.xml as part xc7z010clg400-1 specified in board_part file is either invalid or not available
WARNING: [Board 49-26] cannot add Board Part xilinx.com:kc705:part0:1.6 available at C:/Xilinx/Vivado/2022.2/data/xhub/boards/XilinxBoardStore/boards/Xilinx/kc705/1.6/board.xml as part xc7k325tffg900-2 specified in board_part file is either invalid or not available
WARNING: [Board 49-26] cannot add Board Part xilinx.com:kcu105:part0:1.6 available at C:/Xilinx/Vivado/2022.2/data/xhub/boards/XilinxBoardStore/boards/Xilinx/kcu105/1.6/board.xml as part xcku040-ffva1156-2-e specified in board_part file is either invalid or not available
WARNING: [Board 49-26] cannot add Board Part xilinx.com:kcu105:part0:1.7 available at C:/Xilinx/Vivado/2022.2/data/xhub/boards/XilinxBoardStore/boards/Xilinx/kcu105/1.7/board.xml as part xcku040-ffva1156-2-e specified in board_part file is either invalid or not available
WARNING: [Board 49-26] cannot add Board Part xilinx.com:kcu116:part0:1.4 available at C:/Xilinx/Vivado/2022.2/data/xhub/boards/XilinxBoardStore/boards/Xilinx/kcu116/1.4/board.xml as part xcku5p-ffvb676-2-e specified in board_part file is either invalid or not available
WARNING: [Board 49-26] cannot add Board Part xilinx.com:kcu116:part0:1.5 available at C:/Xilinx/Vivado/2022.2/data/xhub/boards/XilinxBoardStore/boards/Xilinx/kcu116/1.5/board.xml as part xcku5p-ffvb676-2-e specified in board_part file is either invalid or not available
WARNING: [Board 49-26] cannot add Board Part xilinx.com:kcu1500:part0:1.2 available at C:/Xilinx/Vivado/2022.2/data/xhub/boards/XilinxBoardStore/boards/Xilinx/kcu1500/1.2/board.xml as part xcku115-flvb2104-2-e specified in board_part file is either invalid or not available
WARNING: [Board 49-26] cannot add Board Part xilinx.com:vc707:part0:1.4 available at C:/Xilinx/Vivado/2022.2/data/xhub/boards/XilinxBoardStore/boards/Xilinx/vc707/1.4/board.xml as part xc7vx485tffg1761-2 specified in board_part file is either invalid or not available
WARNING: [Board 49-26] cannot add Board Part xilinx.com:vc709:part0:1.8 available at C:/Xilinx/Vivado/2022.2/data/xhub/boards/XilinxBoardStore/boards/Xilinx/vc709/1.8/board.xml as part xc7vx690tffg1761-2 specified in board_part file is either invalid or not available
WARNING: [Board 49-26] cannot add Board Part xilinx.com:vck190:part0:2.2 available at C:/Xilinx/Vivado/2022.2/data/xhub/boards/XilinxBoardStore/boards/Xilinx/vck190/production/2.2/board.xml as part xcvc1902-vsva2197-2mp-e-s specified in board_part file is either invalid or not available
WARNING: [Board 49-26] cannot add Board Part xilinx.com:vck190:part0:3.0 available at C:/Xilinx/Vivado/2022.2/data/xhub/boards/XilinxBoardStore/boards/Xilinx/vck190/production/3.0/board.xml as part xcvc1902-vsva2197-2mp-e-s specified in board_part file is either invalid or not available
WARNING: [Board 49-26] cannot add Board Part xilinx.com:vck190:part0:3.1 available at C:/Xilinx/Vivado/2022.2/data/xhub/boards/XilinxBoardStore/boards/Xilinx/vck190/production/3.1/board.xml as part xcvc1902-vsva2197-2mp-e-s specified in board_part file is either invalid or not available
WARNING: [Board 49-26] cannot add Board Part xilinx.com:vck190_newl:part0:1.0 available at C:/Xilinx/Vivado/2022.2/data/xhub/boards/XilinxBoardStore/boards/Xilinx/vck190_newl/production/1.0/board.xml as part xcvc1902-vsva2197-2mp-e-s specified in board_part file is either invalid or not available
WARNING: [Board 49-26] cannot add Board Part xilinx.com:vcu108:part0:1.6 available at C:/Xilinx/Vivado/2022.2/data/xhub/boards/XilinxBoardStore/boards/Xilinx/vcu108/1.6/board.xml as part xcvu095-ffva2104-2-e specified in board_part file is either invalid or not available
WARNING: [Board 49-26] cannot add Board Part xilinx.com:vcu108:part0:1.7 available at C:/Xilinx/Vivado/2022.2/data/xhub/boards/XilinxBoardStore/boards/Xilinx/vcu108/1.7/board.xml as part xcvu095-ffva2104-2-e specified in board_part file is either invalid or not available
WARNING: [Board 49-26] cannot add Board Part xilinx.com:vcu110:part0:1.4 available at C:/Xilinx/Vivado/2022.2/data/xhub/boards/XilinxBoardStore/boards/Xilinx/vcu110/1.4/board.xml as part xcvu190-flgc2104-2-e specified in board_part file is either invalid or not available
WARNING: [Board 49-26] cannot add Board Part xilinx.com:vcu118:part0:2.0 available at C:/Xilinx/Vivado/2022.2/data/xhub/boards/XilinxBoardStore/boards/Xilinx/vcu118/2.0/board.xml as part xcvu9p-flga2104-2l-e specified in board_part file is either invalid or not available
WARNING: [Board 49-26] cannot add Board Part xilinx.com:vcu118:part0:2.3 available at C:/Xilinx/Vivado/2022.2/data/xhub/boards/XilinxBoardStore/boards/Xilinx/vcu118/2.3/board.xml as part xcvu9p-flga2104-2l-e specified in board_part file is either invalid or not available
WARNING: [Board 49-26] cannot add Board Part xilinx.com:vcu118:part0:2.4 available at C:/Xilinx/Vivado/2022.2/data/xhub/boards/XilinxBoardStore/boards/Xilinx/vcu118/2.4/board.xml as part xcvu9p-flga2104-2l-e specified in board_part file is either invalid or not available
WARNING: [Board 49-26] cannot add Board Part xilinx.com:vcu128:part0:1.0 available at C:/Xilinx/Vivado/2022.2/data/xhub/boards/XilinxBoardStore/boards/Xilinx/vcu128/production/1.0/board.xml as part xcvu37p-fsvh2892-2l-e specified in board_part file is either invalid or not available
WARNING: [Board 49-26] cannot add Board Part xilinx.com:vcu129:part0:1.0 available at C:/Xilinx/Vivado/2022.2/data/xhub/boards/XilinxBoardStore/boards/Xilinx/vcu129/production/1.0/board.xml as part xcvu29p-fsga2577-2l-e specified in board_part file is either invalid or not available
WARNING: [Board 49-26] cannot add Board Part xilinx.com:vcu1525:part0:1.3 available at C:/Xilinx/Vivado/2022.2/data/xhub/boards/XilinxBoardStore/boards/Xilinx/vcu1525/1.3/board.xml as part xcvu9p-fsgd2104-2l-e specified in board_part file is either invalid or not available
WARNING: [Board 49-26] cannot add Board Part xilinx.com:vek280_es:part0:1.0 available at C:/Xilinx/Vivado/2022.2/data/xhub/boards/XilinxBoardStore/boards/Xilinx/vek280/es/1.0/board.xml as part xcve2802-vsvh1760-2lp-e-s-es1 specified in board_part file is either invalid or not available
WARNING: [Board 49-26] cannot add Board Part xilinx.com:vermeo_t1_mpsoc:part0:1.0 available at C:/Xilinx/Vivado/2022.2/data/xhub/boards/XilinxBoardStore/boards/Xilinx/vermeo_t1_mpsoc/1.0/board.xml as part xczu19eg-ffvd1760-2l-e specified in board_part file is either invalid or not available
WARNING: [Board 49-26] cannot add Board Part xilinx.com:vermeo_t1_rfsoc:part0:1.0 available at C:/Xilinx/Vivado/2022.2/data/xhub/boards/XilinxBoardStore/boards/Xilinx/vermeo_t1_rfsoc/1.0/board.xml as part xczu21dr-ffvd1156-2l-e specified in board_part file is either invalid or not available
WARNING: [Board 49-26] cannot add Board Part xilinx.com:vhk158_es:part0:1.0 available at C:/Xilinx/Vivado/2022.2/data/xhub/boards/XilinxBoardStore/boards/Xilinx/vhk158/es/1.0/board.xml as part xcvh1582-vsva3697-2mp-e-s-es1 specified in board_part file is either invalid or not available
WARNING: [Board 49-26] cannot add Board Part xilinx.com:vmk180:part0:2.2 available at C:/Xilinx/Vivado/2022.2/data/xhub/boards/XilinxBoardStore/boards/Xilinx/vmk180/production/2.2/board.xml as part xcvm1802-vsva2197-2mp-e-s specified in board_part file is either invalid or not available
WARNING: [Board 49-26] cannot add Board Part xilinx.com:vmk180:part0:3.0 available at C:/Xilinx/Vivado/2022.2/data/xhub/boards/XilinxBoardStore/boards/Xilinx/vmk180/production/3.0/board.xml as part xcvm1802-vsva2197-2mp-e-s specified in board_part file is either invalid or not available
WARNING: [Board 49-26] cannot add Board Part xilinx.com:vmk180:part0:3.1 available at C:/Xilinx/Vivado/2022.2/data/xhub/boards/XilinxBoardStore/boards/Xilinx/vmk180/production/3.1/board.xml as part xcvm1802-vsva2197-2mp-e-s specified in board_part file is either invalid or not available
WARNING: [Board 49-26] cannot add Board Part xilinx.com:vmk180_newl:part0:1.0 available at C:/Xilinx/Vivado/2022.2/data/xhub/boards/XilinxBoardStore/boards/Xilinx/vmk180_newl/production/1.0/board.xml as part xcvm1802-vsva2197-2mp-e-s specified in board_part file is either invalid or not available
WARNING: [Board 49-26] cannot add Board Part xilinx.com:vpk120:part0:1.0 available at C:/Xilinx/Vivado/2022.2/data/xhub/boards/XilinxBoardStore/boards/Xilinx/vpk120/production/1.0/board.xml as part xcvp1202-vsva2785-2mp-e-s specified in board_part file is either invalid or not available
WARNING: [Board 49-26] cannot add Board Part xilinx.com:vpk120_es:part0:1.2 available at C:/Xilinx/Vivado/2022.2/data/xhub/boards/XilinxBoardStore/boards/Xilinx/vpk120/es/1.2/board.xml as part xcvp1202-vsva2785-2mp-e-s-es1 specified in board_part file is either invalid or not available
WARNING: [Board 49-26] cannot add Board Part xilinx.com:vpk120_es_revb:part0:1.0 available at C:/Xilinx/Vivado/2022.2/data/xhub/boards/XilinxBoardStore/boards/Xilinx/vpk120_revb/es/1.0/board.xml as part xcvp1202-vsva2785-2mp-e-s-es1 specified in board_part file is either invalid or not available
WARNING: [Board 49-26] cannot add Board Part xilinx.com:vpk180_es:part0:1.0 available at C:/Xilinx/Vivado/2022.2/data/xhub/boards/XilinxBoardStore/boards/Xilinx/vpk180/es/1.0/board.xml as part xcvp1802-lsvc4072-2mp-e-s-es1 specified in board_part file is either invalid or not available
WARNING: [Board 49-26] cannot add Board Part xilinx.com:zc702:part0:1.4 available at C:/Xilinx/Vivado/2022.2/data/xhub/boards/XilinxBoardStore/boards/Xilinx/zc702/1.4/board.xml as part xc7z020clg484-1 specified in board_part file is either invalid or not available
WARNING: [Board 49-26] cannot add Board Part xilinx.com:zc706:part0:1.4 available at C:/Xilinx/Vivado/2022.2/data/xhub/boards/XilinxBoardStore/boards/Xilinx/zc706/1.4/board.xml as part xc7z045ffg900-2 specified in board_part file is either invalid or not available
WARNING: [Board 49-26] cannot add Board Part xilinx.com:zcu102:part0:3.3 available at C:/Xilinx/Vivado/2022.2/data/xhub/boards/XilinxBoardStore/boards/Xilinx/zcu102/3.3/board.xml as part xczu9eg-ffvb1156-2-e specified in board_part file is either invalid or not available
WARNING: [Board 49-26] cannot add Board Part xilinx.com:zcu102:part0:3.4 available at C:/Xilinx/Vivado/2022.2/data/xhub/boards/XilinxBoardStore/boards/Xilinx/zcu102/3.4/board.xml as part xczu9eg-ffvb1156-2-e specified in board_part file is either invalid or not available
WARNING: [Board 49-26] cannot add Board Part xilinx.com:zcu104:part0:1.1 available at C:/Xilinx/Vivado/2022.2/data/xhub/boards/XilinxBoardStore/boards/Xilinx/zcu104/1.1/board.xml as part xczu7ev-ffvc1156-2-e specified in board_part file is either invalid or not available
WARNING: [Board 49-26] cannot add Board Part xilinx.com:zcu106:part0:2.4 available at C:/Xilinx/Vivado/2022.2/data/xhub/boards/XilinxBoardStore/boards/Xilinx/zcu106/2.4/board.xml as part xczu7ev-ffvc1156-2-e specified in board_part file is either invalid or not available
WARNING: [Board 49-26] cannot add Board Part xilinx.com:zcu106:part0:2.5 available at C:/Xilinx/Vivado/2022.2/data/xhub/boards/XilinxBoardStore/boards/Xilinx/zcu106/2.5/board.xml as part xczu7ev-ffvc1156-2-e specified in board_part file is either invalid or not available
WARNING: [Board 49-26] cannot add Board Part xilinx.com:zcu106:part0:2.6 available at C:/Xilinx/Vivado/2022.2/data/xhub/boards/XilinxBoardStore/boards/Xilinx/zcu106/2.6/board.xml as part xczu7ev-ffvc1156-2-e specified in board_part file is either invalid or not available
WARNING: [Board 49-26] cannot add Board Part xilinx.com:zcu111:part0:1.2 available at C:/Xilinx/Vivado/2022.2/data/xhub/boards/XilinxBoardStore/boards/Xilinx/zcu111/1.2/board.xml as part xczu28dr-ffvg1517-2-e specified in board_part file is either invalid or not available
WARNING: [Board 49-26] cannot add Board Part xilinx.com:zcu111:part0:1.3 available at C:/Xilinx/Vivado/2022.2/data/xhub/boards/XilinxBoardStore/boards/Xilinx/zcu111/1.3/board.xml as part xczu28dr-ffvg1517-2-e specified in board_part file is either invalid or not available
WARNING: [Board 49-26] cannot add Board Part xilinx.com:zcu111:part0:1.4 available at C:/Xilinx/Vivado/2022.2/data/xhub/boards/XilinxBoardStore/boards/Xilinx/zcu111/1.4/board.xml as part xczu28dr-ffvg1517-2-e specified in board_part file is either invalid or not available
WARNING: [Board 49-26] cannot add Board Part xilinx.com:zcu1275:part0:1.0 available at C:/Xilinx/Vivado/2022.2/data/xhub/boards/XilinxBoardStore/boards/Xilinx/zcu1275/1.0/board.xml as part xczu29dr-ffvf1760-2-e specified in board_part file is either invalid or not available
WARNING: [Board 49-26] cannot add Board Part xilinx.com:zcu1285:part0:1.0 available at C:/Xilinx/Vivado/2022.2/data/xhub/boards/XilinxBoardStore/boards/Xilinx/zcu1285/1.0/board.xml as part xczu39dr-ffvf1760-2-i specified in board_part file is either invalid or not available
WARNING: [Board 49-26] cannot add Board Part xilinx.com:zcu208:part0:2.0 available at C:/Xilinx/Vivado/2022.2/data/xhub/boards/XilinxBoardStore/boards/Xilinx/zcu208/production/2.0/board.xml as part xczu48dr-fsvg1517-2-e specified in board_part file is either invalid or not available
WARNING: [Board 49-26] cannot add Board Part xilinx.com:zcu208ld:part0:2.0 available at C:/Xilinx/Vivado/2022.2/data/xhub/boards/XilinxBoardStore/boards/Xilinx/zcu208ld/production/2.0/board.xml as part xczu58dr-fsvg1517-2-i specified in board_part file is either invalid or not available
WARNING: [Board 49-26] cannot add Board Part xilinx.com:zcu216:part0:2.0 available at C:/Xilinx/Vivado/2022.2/data/xhub/boards/XilinxBoardStore/boards/Xilinx/zcu216/production/2.0/board.xml as part xczu49dr-ffvf1760-2-e specified in board_part file is either invalid or not available
WARNING: [Board 49-26] cannot add Board Part xilinx.com:zcu216ld:part0:2.0 available at C:/Xilinx/Vivado/2022.2/data/xhub/boards/XilinxBoardStore/boards/Xilinx/zcu216ld/production/2.0/board.xml as part xczu59dr-ffvf1760-2-i specified in board_part file is either invalid or not available
WARNING: [Board 49-26] cannot add Board Part xilinx.com:zcu670:part0:2.0 available at C:/Xilinx/Vivado/2022.2/data/xhub/boards/XilinxBoardStore/boards/Xilinx/zcu670/2.0/board.xml as part xczu67dr-fsve1156-2-i specified in board_part file is either invalid or not available
WARNING: [Board 49-26] cannot add Board Part xilinx.com:zcu670ld:part0:1.0 available at C:/Xilinx/Vivado/2022.2/data/xhub/boards/XilinxBoardStore/boards/Xilinx/zcu670ld/1.0/board.xml as part xczu57dr-fsve1156-2-i specified in board_part file is either invalid or not available
INFO: [filemgmt 56-3] Default IP Output Path : Could not find the directory 'H:/FriGroup13/CLK_Divider.gen/sources_1'.
Scanning sources...
Finished scanning sources
INFO: [IP_Flow 19-234] Refreshing IP repositories
INFO: [IP_Flow 19-1704] No user IP repositories specified
INFO: [IP_Flow 19-2313] Loaded Vivado IP repository 'C:/Xilinx/Vivado/2022.2/data/ip'.
open_project: Time (s): cpu = 00:00:17 ; elapsed = 00:00:15 . Memory (MB): peak = 1211.609 ; gain = 433.145
update_compile_order -fileset sources_1
launch_simulation
Command: launch_simulation 
INFO: [Vivado 12-12493] Simulation top is 'main_tb'
WARNING: [Vivado 12-13340] Unable to auto find GCC executables from simulator install path! (path not set)
WARNING: [Vivado 12-13277] Compiled library path does not exist: ''
INFO: [Vivado 12-5682] Launching behavioral simulation in 'H:/FriGroup13/CLK_Divider.sim/sim_1/behav/xsim'
INFO: [SIM-utils-51] Simulation object is 'sim_1'
INFO: [SIM-utils-72] Using boost library from 'C:/Xilinx/Vivado/2022.2/tps/boost_1_72_0'
INFO: [SIM-utils-54] Inspecting design source files for 'main_tb' in fileset 'sim_1'...
INFO: [USF-XSim-97] Finding global include files...
INFO: [USF-XSim-98] Fetching design files from 'sim_1'...
INFO: [USF-XSim-2] XSim::Compile design
INFO: [USF-XSim-61] Executing 'COMPILE and ANALYZE' step in 'H:/FriGroup13/CLK_Divider.sim/sim_1/behav/xsim'
"xvhdl --incr --relax -prj main_tb_vhdl.prj"
INFO: [VRFC 10-163] Analyzing VHDL file "P:/Profile/ENEL373/CLK_Divider/CLK_Divider.srcs/sources_1/new/bcd_to_7seg.vhd" into library xil_defaultlib
INFO: [VRFC 10-3107] analyzing entity 'bcd_to_7seg'
INFO: [VRFC 10-163] Analyzing VHDL file "H:/FriGroup13/CLK_Divider.srcs/sources_1/new/circ_buffer.vhd" into library xil_defaultlib
INFO: [VRFC 10-3107] analyzing entity 'circ_buffer'
INFO: [VRFC 10-163] Analyzing VHDL file "H:/FriGroup13/CLK_Divider.srcs/sources_1/new/convertMessagetoTime.vhd" into library xil_defaultlib
INFO: [VRFC 10-3107] analyzing entity 'convertMessagetoTime'
INFO: [VRFC 10-163] Analyzing VHDL file "H:/FriGroup13/CLK_Divider.srcs/sources_1/new/convertTimetoMessage.vhd" into library xil_defaultlib
INFO: [VRFC 10-3107] analyzing entity 'convertTimetoMessage'
INFO: [VRFC 10-163] Analyzing VHDL file "H:/FriGroup13/CLK_Divider.srcs/sources_1/new/findAverage.vhd" into library xil_defaultlib
INFO: [VRFC 10-3107] analyzing entity 'findAverage'
INFO: [VRFC 10-163] Analyzing VHDL file "H:/FriGroup13/CLK_Divider.srcs/sources_1/new/findMax.vhd" into library xil_defaultlib
INFO: [VRFC 10-3107] analyzing entity 'findMax'
INFO: [VRFC 10-163] Analyzing VHDL file "H:/FriGroup13/CLK_Divider.srcs/sources_1/new/findMin.vhd" into library xil_defaultlib
INFO: [VRFC 10-3107] analyzing entity 'findMin'
INFO: [VRFC 10-163] Analyzing VHDL file "H:/FriGroup13/CLK_Divider.srcs/sources_1/imports/ENEL373/finite_state_machine.vhd" into library xil_defaultlib
INFO: [VRFC 10-3107] analyzing entity 'finite_state_machine'
INFO: [VRFC 10-163] Analyzing VHDL file "H:/FriGroup13/CLK_Divider.srcs/sources_1/new/mux.vhd" into library xil_defaultlib
INFO: [VRFC 10-3107] analyzing entity 'mux'
INFO: [VRFC 10-163] Analyzing VHDL file "H:/FriGroup13/CLK_Divider.srcs/sources_1/new/main.vhd" into library xil_defaultlib
INFO: [VRFC 10-3107] analyzing entity 'main'
INFO: [VRFC 10-163] Analyzing VHDL file "H:/FriGroup13/CLK_Divider.srcs/sim_1/new/main_tb.vhd" into library xil_defaultlib
INFO: [VRFC 10-3107] analyzing entity 'main_tb'
INFO: [USF-XSim-69] 'compile' step finished in '4' seconds
INFO: [USF-XSim-3] XSim::Elaborate design
INFO: [USF-XSim-61] Executing 'ELABORATE' step in 'H:/FriGroup13/CLK_Divider.sim/sim_1/behav/xsim'
"xelab --incr --debug typical --relax --mt 2 -L xil_defaultlib -L secureip --snapshot main_tb_behav xil_defaultlib.main_tb -log elaborate.log"
Vivado Simulator v2022.2
Copyright 1986-1999, 2001-2022 Xilinx, Inc. All Rights Reserved.
Running: C:/Xilinx/Vivado/2022.2/bin/unwrapped/win64.o/xelab.exe --incr --debug typical --relax --mt 2 -L xil_defaultlib -L secureip --snapshot main_tb_behav xil_defaultlib.main_tb -log elaborate.log 
Using 2 slave threads.
Starting static elaboration
Completed static elaboration
Starting simulation data flow analysis
Completed simulation data flow analysis
Time Resolution for simulation is 1ps
Compiling package std.standard
Compiling package std.textio
Compiling package ieee.std_logic_1164
Compiling package ieee.numeric_std
Compiling architecture behavioral of entity xil_defaultlib.clock_divider [clock_divider_default]
Compiling architecture behavioral of entity xil_defaultlib.display_selector [display_selector_default]
Compiling architecture behavioral of entity xil_defaultlib.decoder [decoder_default]
Compiling architecture behavioral of entity xil_defaultlib.bcd_to_7seg [bcd_to_7seg_default]
Compiling architecture behavioral of entity xil_defaultlib.timer_counter [timer_counter_default]
Compiling architecture behavioral of entity xil_defaultlib.mux [mux_default]
Compiling architecture behavioral of entity xil_defaultlib.finite_state_machine [finite_state_machine_default]
Compiling architecture behavioral of entity xil_defaultlib.circ_buffer [circ_buffer_default]
Compiling architecture behavioral of entity xil_defaultlib.convertMessagetoTime [convertmessagetotime_default]
Compiling architecture behavioral of entity xil_defaultlib.convertTimetoMessage [converttimetomessage_default]
Compiling architecture behavioral of entity xil_defaultlib.findAverage [findaverage_default]
Compiling architecture behavioral of entity xil_defaultlib.findMin [findmin_default]
Compiling architecture behavioral of entity xil_defaultlib.findMax [findmax_default]
Compiling architecture behavioral of entity xil_defaultlib.main [main_default]
Compiling architecture behavioral of entity xil_defaultlib.main_tb
Built simulation snapshot main_tb_behav
run_program: Time (s): cpu = 00:00:00 ; elapsed = 00:00:05 . Memory (MB): peak = 1211.609 ; gain = 0.000
INFO: [USF-XSim-69] 'elaborate' step finished in '6' seconds
INFO: [USF-XSim-4] XSim::Simulate design
INFO: [USF-XSim-61] Executing 'SIMULATE' step in 'H:/FriGroup13/CLK_Divider.sim/sim_1/behav/xsim'
INFO: [USF-XSim-98] *** Running xsim
   with args "main_tb_behav -key {Behavioral:sim_1:Functional:main_tb} -tclbatch {main_tb.tcl} -log {simulate.log}"
INFO: [USF-XSim-8] Loading simulator feature
Time resolution is 1 ps
source main_tb.tcl
# set curr_wave [current_wave_config]
# if { [string length $curr_wave] == 0 } {
#   if { [llength [get_objects]] > 0} {
#     add_wave /
#     set_property needs_save false [current_wave_config]
#   } else {
#      send_msg_id Add_Wave-1 WARNING "No top level signals found. Simulator will start without a wave window. If you want to open a wave window go to 'File->New Waveform Configuration' or type 'create_wave_config' in the TCL console."
#   }
# }
# run 1000ns
xsim: Time (s): cpu = 00:00:04 ; elapsed = 00:00:08 . Memory (MB): peak = 1244.008 ; gain = 25.559
INFO: [USF-XSim-96] XSim completed. Design snapshot 'main_tb_behav' loaded.
INFO: [USF-XSim-97] XSim simulation ran for 1000ns
launch_simulation: Time (s): cpu = 00:00:05 ; elapsed = 00:00:21 . Memory (MB): peak = 1244.008 ; gain = 32.398
run 100 ns
run 100 ns
run 100 us
run 100 us
add_force {/main_tb/BTNC} -radix hex {1 0ns}
run 50 us
add_force {/main_tb/BTNC} -radix hex {0 0ns}
run 10 us
run 10 us
run 10 us
run 10 us
run 10 us
run 10 us
run 10 us
run 10 us
run 10 us
run 10 us
run 10 us
run 10 us
run 10 us
run 10 us
add_force {/main_tb/BTNC} -radix hex {1 0ns}
run 10 us
add_force {/main_tb/BTNC} -radix hex {0 0ns}
run 10 us
run 10 us
add_force {/main_tb/BTNU} -radix hex {1 0ns}
run 10 us
close_sim
INFO: [Simtcl 6-16] Simulation closed
launch_simulation
Command: launch_simulation 
INFO: [Vivado 12-12493] Simulation top is 'main_tb'
WARNING: [Vivado 12-13340] Unable to auto find GCC executables from simulator install path! (path not set)
WARNING: [Vivado 12-13277] Compiled library path does not exist: ''
INFO: [Vivado 12-5682] Launching behavioral simulation in 'H:/FriGroup13/CLK_Divider.sim/sim_1/behav/xsim'
INFO: [SIM-utils-51] Simulation object is 'sim_1'
INFO: [SIM-utils-72] Using boost library from 'C:/Xilinx/Vivado/2022.2/tps/boost_1_72_0'
INFO: [SIM-utils-54] Inspecting design source files for 'main_tb' in fileset 'sim_1'...
INFO: [USF-XSim-97] Finding global include files...
INFO: [USF-XSim-98] Fetching design files from 'sim_1'...
INFO: [USF-XSim-2] XSim::Compile design
INFO: [USF-XSim-61] Executing 'COMPILE and ANALYZE' step in 'H:/FriGroup13/CLK_Divider.sim/sim_1/behav/xsim'
"xvhdl --incr --relax -prj main_tb_vhdl.prj"
INFO: [VRFC 10-163] Analyzing VHDL file "H:/FriGroup13/CLK_Divider.srcs/sources_1/new/convertMessagetoTime.vhd" into library xil_defaultlib
INFO: [VRFC 10-3107] analyzing entity 'convertMessagetoTime'
INFO: [VRFC 10-163] Analyzing VHDL file "H:/FriGroup13/CLK_Divider.srcs/sources_1/new/main.vhd" into library xil_defaultlib
INFO: [VRFC 10-3107] analyzing entity 'main'
INFO: [VRFC 10-163] Analyzing VHDL file "H:/FriGroup13/CLK_Divider.srcs/sim_1/new/main_tb.vhd" into library xil_defaultlib
INFO: [VRFC 10-3107] analyzing entity 'main_tb'
INFO: [USF-XSim-69] 'compile' step finished in '3' seconds
INFO: [USF-XSim-3] XSim::Elaborate design
INFO: [USF-XSim-61] Executing 'ELABORATE' step in 'H:/FriGroup13/CLK_Divider.sim/sim_1/behav/xsim'
"xelab --incr --debug typical --relax --mt 2 -L xil_defaultlib -L secureip --snapshot main_tb_behav xil_defaultlib.main_tb -log elaborate.log"
Vivado Simulator v2022.2
Copyright 1986-1999, 2001-2022 Xilinx, Inc. All Rights Reserved.
Running: C:/Xilinx/Vivado/2022.2/bin/unwrapped/win64.o/xelab.exe --incr --debug typical --relax --mt 2 -L xil_defaultlib -L secureip --snapshot main_tb_behav xil_defaultlib.main_tb -log elaborate.log 
Using 2 slave threads.
Starting static elaboration
Completed static elaboration
Starting simulation data flow analysis
Completed simulation data flow analysis
Time Resolution for simulation is 1ps
Compiling package std.standard
Compiling package std.textio
Compiling package ieee.std_logic_1164
Compiling package ieee.numeric_std
Compiling architecture behavioral of entity xil_defaultlib.clock_divider [clock_divider_default]
Compiling architecture behavioral of entity xil_defaultlib.display_selector [display_selector_default]
Compiling architecture behavioral of entity xil_defaultlib.decoder [decoder_default]
Compiling architecture behavioral of entity xil_defaultlib.bcd_to_7seg [bcd_to_7seg_default]
Compiling architecture behavioral of entity xil_defaultlib.timer_counter [timer_counter_default]
Compiling architecture behavioral of entity xil_defaultlib.mux [mux_default]
Compiling architecture behavioral of entity xil_defaultlib.finite_state_machine [finite_state_machine_default]
Compiling architecture behavioral of entity xil_defaultlib.circ_buffer [circ_buffer_default]
Compiling architecture behavioral of entity xil_defaultlib.convertMessagetoTime [convertmessagetotime_default]
Compiling architecture behavioral of entity xil_defaultlib.convertTimetoMessage [converttimetomessage_default]
Compiling architecture behavioral of entity xil_defaultlib.findAverage [findaverage_default]
Compiling architecture behavioral of entity xil_defaultlib.findMin [findmin_default]
Compiling architecture behavioral of entity xil_defaultlib.findMax [findmax_default]
Compiling architecture behavioral of entity xil_defaultlib.main [main_default]
Compiling architecture behavioral of entity xil_defaultlib.main_tb
Built simulation snapshot main_tb_behav
INFO: [USF-XSim-69] 'elaborate' step finished in '4' seconds
INFO: [USF-XSim-4] XSim::Simulate design
INFO: [USF-XSim-61] Executing 'SIMULATE' step in 'H:/FriGroup13/CLK_Divider.sim/sim_1/behav/xsim'
INFO: [USF-XSim-98] *** Running xsim
   with args "main_tb_behav -key {Behavioral:sim_1:Functional:main_tb} -tclbatch {main_tb.tcl} -log {simulate.log}"
INFO: [USF-XSim-8] Loading simulator feature
Time resolution is 1 ps
source main_tb.tcl
# set curr_wave [current_wave_config]
# if { [string length $curr_wave] == 0 } {
#   if { [llength [get_objects]] > 0} {
#     add_wave /
#     set_property needs_save false [current_wave_config]
#   } else {
#      send_msg_id Add_Wave-1 WARNING "No top level signals found. Simulator will start without a wave window. If you want to open a wave window go to 'File->New Waveform Configuration' or type 'create_wave_config' in the TCL console."
#   }
# }
# run 1000ns
xsim: Time (s): cpu = 00:00:01 ; elapsed = 00:00:06 . Memory (MB): peak = 1259.391 ; gain = 5.570
INFO: [USF-XSim-96] XSim completed. Design snapshot 'main_tb_behav' loaded.
INFO: [USF-XSim-97] XSim simulation ran for 1000ns
launch_simulation: Time (s): cpu = 00:00:02 ; elapsed = 00:00:13 . Memory (MB): peak = 1259.391 ; gain = 5.570
run all
run all
run: Time (s): cpu = 00:00:09 ; elapsed = 00:00:10 . Memory (MB): peak = 1261.188 ; gain = 0.344
add_force {/main_tb/BTNC} -radix hex {1 0ns}
run all
add_force {/main_tb/BTNC} -radix hex {0 0ns}
run 10 us
run 10 us
run 10 us
run 10 us
run 10 us
run 10 us
run 10 us
run 10 us
run 10 us
run 10 us
run 10 us
run 10 us
add_force {/main_tb/BTNC} -radix hex {1 0ns}
run 10 us
add_force {/main_tb/BTNC} -radix hex {0 0ns}
run 10 us
run 10 us
run 10 us
add_force {/main_tb/BTNR} -radix hex {1 0ns}
run 10 us
run 10 us
run 10 us
run 10 us
run 10 us
run 10 us
run 10 us
run 10 us
run 10 us
run 10 us
run 10 us
run 10 us
run 10 us
run 10 us
run 10 us
run 10 us
run 10 us
run 10 us
run 10 us
run 10 us
add_force {/main_tb/BTNR} -radix hex {0 0ns}
run 10 us
run 10 us
add_force {/main_tb/inst_main/inst_FSM/BTNR} -radix hex {1 0ns}
run 10 us
run 10 us
run 10 us
run 10 us
add_force {/main_tb/inst_main/inst_FSM/BTNR} -radix hex {0 0ns}
add_force {/main_tb/BTNR} -radix hex {0 0ns}
run 10 us
add_force {/main_tb/BTNU} -radix hex {1 0ns}
add_force {/main_tb/BTNU} -radix hex {1 0ns}
run 10 us
run 10 us
add_force {/main_tb/BTNU} -radix hex {0 0ns}
run 10 us
add_force {/main_tb/BTNC} -radix hex {1 0ns}
run 10 us
add_force {/main_tb/BTNC} -radix hex {0 0ns}
run 10 us
run 10 us
run 10 us
run 10 us
run 10 us
run 10 us
run 10 us
run 10 us
run 10 us
run 10 us
run 10 us
run 10 us
run 10 us
run 10 us
add_force {/main_tb/BTNC} -radix hex {1 0ns}
run 10 us
add_force {/main_tb/BTNC} -radix hex {0 0ns}
run 10 us
add_force {/main_tb/BTNU} -radix hex {1 0ns}
run 10 us
add_force {/main_tb/BTNU} -radix hex {0 0ns}
run 10 us
add_force {/main_tb/BTND} -radix hex {1 0ns} -cancel_after 1us
run 10 us
add_force {/main_tb/BTNR} -radix hex {1 0ns} -cancel_after 1us
run 10 us
run 10 us
add_force {/main_tb/BTNR} -radix hex {1 0ns} -cancel_after 1us
run 10 us
run 10 us
run 10 us
run 10 us
close_sim
INFO: xsimkernel Simulation Memory Usage: 17208 KB (Peak: 17208 KB), Simulation CPU Usage: 14812 ms
INFO: [Simtcl 6-16] Simulation closed
launch_simulation
Command: launch_simulation 
INFO: [Vivado 12-12493] Simulation top is 'main_tb'
WARNING: [Vivado 12-13340] Unable to auto find GCC executables from simulator install path! (path not set)
WARNING: [Vivado 12-13277] Compiled library path does not exist: ''
INFO: [Vivado 12-5682] Launching behavioral simulation in 'H:/FriGroup13/CLK_Divider.sim/sim_1/behav/xsim'
INFO: [SIM-utils-51] Simulation object is 'sim_1'
INFO: [SIM-utils-72] Using boost library from 'C:/Xilinx/Vivado/2022.2/tps/boost_1_72_0'
INFO: [SIM-utils-54] Inspecting design source files for 'main_tb' in fileset 'sim_1'...
INFO: [USF-XSim-97] Finding global include files...
INFO: [USF-XSim-98] Fetching design files from 'sim_1'...
INFO: [USF-XSim-2] XSim::Compile design
INFO: [USF-XSim-61] Executing 'COMPILE and ANALYZE' step in 'H:/FriGroup13/CLK_Divider.sim/sim_1/behav/xsim'
"xvhdl --incr --relax -prj main_tb_vhdl.prj"
INFO: [VRFC 10-163] Analyzing VHDL file "H:/FriGroup13/CLK_Divider.srcs/sources_1/new/convertTimetoMessage.vhd" into library xil_defaultlib
INFO: [VRFC 10-3107] analyzing entity 'convertTimetoMessage'
INFO: [VRFC 10-163] Analyzing VHDL file "H:/FriGroup13/CLK_Divider.srcs/sources_1/new/main.vhd" into library xil_defaultlib
INFO: [VRFC 10-3107] analyzing entity 'main'
INFO: [VRFC 10-163] Analyzing VHDL file "H:/FriGroup13/CLK_Divider.srcs/sim_1/new/main_tb.vhd" into library xil_defaultlib
INFO: [VRFC 10-3107] analyzing entity 'main_tb'
INFO: [USF-XSim-69] 'compile' step finished in '3' seconds
INFO: [USF-XSim-3] XSim::Elaborate design
INFO: [USF-XSim-61] Executing 'ELABORATE' step in 'H:/FriGroup13/CLK_Divider.sim/sim_1/behav/xsim'
"xelab --incr --debug typical --relax --mt 2 -L xil_defaultlib -L secureip --snapshot main_tb_behav xil_defaultlib.main_tb -log elaborate.log"
Vivado Simulator v2022.2
Copyright 1986-1999, 2001-2022 Xilinx, Inc. All Rights Reserved.
Running: C:/Xilinx/Vivado/2022.2/bin/unwrapped/win64.o/xelab.exe --incr --debug typical --relax --mt 2 -L xil_defaultlib -L secureip --snapshot main_tb_behav xil_defaultlib.main_tb -log elaborate.log 
Using 2 slave threads.
Starting static elaboration
Completed static elaboration
Starting simulation data flow analysis
Completed simulation data flow analysis
Time Resolution for simulation is 1ps
Compiling package std.standard
Compiling package std.textio
Compiling package ieee.std_logic_1164
Compiling package ieee.numeric_std
Compiling architecture behavioral of entity xil_defaultlib.clock_divider [clock_divider_default]
Compiling architecture behavioral of entity xil_defaultlib.display_selector [display_selector_default]
Compiling architecture behavioral of entity xil_defaultlib.decoder [decoder_default]
Compiling architecture behavioral of entity xil_defaultlib.bcd_to_7seg [bcd_to_7seg_default]
Compiling architecture behavioral of entity xil_defaultlib.timer_counter [timer_counter_default]
Compiling architecture behavioral of entity xil_defaultlib.mux [mux_default]
Compiling architecture behavioral of entity xil_defaultlib.finite_state_machine [finite_state_machine_default]
Compiling architecture behavioral of entity xil_defaultlib.circ_buffer [circ_buffer_default]
Compiling architecture behavioral of entity xil_defaultlib.convertMessagetoTime [convertmessagetotime_default]
Compiling architecture behavioral of entity xil_defaultlib.convertTimetoMessage [converttimetomessage_default]
Compiling architecture behavioral of entity xil_defaultlib.findAverage [findaverage_default]
Compiling architecture behavioral of entity xil_defaultlib.findMin [findmin_default]
Compiling architecture behavioral of entity xil_defaultlib.findMax [findmax_default]
Compiling architecture behavioral of entity xil_defaultlib.main [main_default]
Compiling architecture behavioral of entity xil_defaultlib.main_tb
Built simulation snapshot main_tb_behav
INFO: [USF-XSim-69] 'elaborate' step finished in '4' seconds
INFO: [USF-XSim-4] XSim::Simulate design
INFO: [USF-XSim-61] Executing 'SIMULATE' step in 'H:/FriGroup13/CLK_Divider.sim/sim_1/behav/xsim'
INFO: [USF-XSim-98] *** Running xsim
   with args "main_tb_behav -key {Behavioral:sim_1:Functional:main_tb} -tclbatch {main_tb.tcl} -log {simulate.log}"
INFO: [USF-XSim-8] Loading simulator feature
Time resolution is 1 ps
source main_tb.tcl
# set curr_wave [current_wave_config]
# if { [string length $curr_wave] == 0 } {
#   if { [llength [get_objects]] > 0} {
#     add_wave /
#     set_property needs_save false [current_wave_config]
#   } else {
#      send_msg_id Add_Wave-1 WARNING "No top level signals found. Simulator will start without a wave window. If you want to open a wave window go to 'File->New Waveform Configuration' or type 'create_wave_config' in the TCL console."
#   }
# }
# run 1000ns
xsim: Time (s): cpu = 00:00:01 ; elapsed = 00:00:07 . Memory (MB): peak = 1268.258 ; gain = 2.125
INFO: [USF-XSim-96] XSim completed. Design snapshot 'main_tb_behav' loaded.
INFO: [USF-XSim-97] XSim simulation ran for 1000ns
launch_simulation: Time (s): cpu = 00:00:01 ; elapsed = 00:00:14 . Memory (MB): peak = 1268.258 ; gain = 2.125
run 50 us
run 50 us
run 50 us
add_force {/main_tb/BTNC} -radix hex {1 0ns} -cancel_after 1us
run 10 us
add_force {/main_tb/BTNR} -radix hex {1 0ns} -cancel_after 1us
run 10 us
run 10 us
add_force {/main_tb/BTNR} -radix hex {1 0ns} -cancel_after 1us
run 10 us
close_sim
INFO: [Simtcl 6-16] Simulation closed
launch_simulation
Command: launch_simulation 
INFO: [Vivado 12-12493] Simulation top is 'main_tb'
WARNING: [Vivado 12-13340] Unable to auto find GCC executables from simulator install path! (path not set)
WARNING: [Vivado 12-13277] Compiled library path does not exist: ''
INFO: [Vivado 12-5682] Launching behavioral simulation in 'H:/FriGroup13/CLK_Divider.sim/sim_1/behav/xsim'
INFO: [SIM-utils-51] Simulation object is 'sim_1'
INFO: [SIM-utils-72] Using boost library from 'C:/Xilinx/Vivado/2022.2/tps/boost_1_72_0'
INFO: [SIM-utils-54] Inspecting design source files for 'main_tb' in fileset 'sim_1'...
INFO: [USF-XSim-97] Finding global include files...
INFO: [USF-XSim-98] Fetching design files from 'sim_1'...
INFO: [USF-XSim-2] XSim::Compile design
INFO: [USF-XSim-61] Executing 'COMPILE and ANALYZE' step in 'H:/FriGroup13/CLK_Divider.sim/sim_1/behav/xsim'
"xvhdl --incr --relax -prj main_tb_vhdl.prj"
INFO: [VRFC 10-163] Analyzing VHDL file "H:/FriGroup13/CLK_Divider.srcs/sources_1/new/convertMessagetoTime.vhd" into library xil_defaultlib
INFO: [VRFC 10-3107] analyzing entity 'convertMessagetoTime'
INFO: [VRFC 10-163] Analyzing VHDL file "H:/FriGroup13/CLK_Divider.srcs/sources_1/new/main.vhd" into library xil_defaultlib
INFO: [VRFC 10-3107] analyzing entity 'main'
INFO: [VRFC 10-163] Analyzing VHDL file "H:/FriGroup13/CLK_Divider.srcs/sim_1/new/main_tb.vhd" into library xil_defaultlib
INFO: [VRFC 10-3107] analyzing entity 'main_tb'
INFO: [USF-XSim-69] 'compile' step finished in '3' seconds
INFO: [USF-XSim-3] XSim::Elaborate design
INFO: [USF-XSim-61] Executing 'ELABORATE' step in 'H:/FriGroup13/CLK_Divider.sim/sim_1/behav/xsim'
"xelab --incr --debug typical --relax --mt 2 -L xil_defaultlib -L secureip --snapshot main_tb_behav xil_defaultlib.main_tb -log elaborate.log"
Vivado Simulator v2022.2
Copyright 1986-1999, 2001-2022 Xilinx, Inc. All Rights Reserved.
Running: C:/Xilinx/Vivado/2022.2/bin/unwrapped/win64.o/xelab.exe --incr --debug typical --relax --mt 2 -L xil_defaultlib -L secureip --snapshot main_tb_behav xil_defaultlib.main_tb -log elaborate.log 
Using 2 slave threads.
Starting static elaboration
Completed static elaboration
Starting simulation data flow analysis
Completed simulation data flow analysis
Time Resolution for simulation is 1ps
Compiling package std.standard
Compiling package std.textio
Compiling package ieee.std_logic_1164
Compiling package ieee.numeric_std
Compiling architecture behavioral of entity xil_defaultlib.clock_divider [clock_divider_default]
Compiling architecture behavioral of entity xil_defaultlib.display_selector [display_selector_default]
Compiling architecture behavioral of entity xil_defaultlib.decoder [decoder_default]
Compiling architecture behavioral of entity xil_defaultlib.bcd_to_7seg [bcd_to_7seg_default]
Compiling architecture behavioral of entity xil_defaultlib.timer_counter [timer_counter_default]
Compiling architecture behavioral of entity xil_defaultlib.mux [mux_default]
Compiling architecture behavioral of entity xil_defaultlib.finite_state_machine [finite_state_machine_default]
Compiling architecture behavioral of entity xil_defaultlib.circ_buffer [circ_buffer_default]
Compiling architecture behavioral of entity xil_defaultlib.convertMessagetoTime [convertmessagetotime_default]
Compiling architecture behavioral of entity xil_defaultlib.convertTimetoMessage [converttimetomessage_default]
Compiling architecture behavioral of entity xil_defaultlib.findAverage [findaverage_default]
Compiling architecture behavioral of entity xil_defaultlib.findMin [findmin_default]
Compiling architecture behavioral of entity xil_defaultlib.findMax [findmax_default]
Compiling architecture behavioral of entity xil_defaultlib.main [main_default]
Compiling architecture behavioral of entity xil_defaultlib.main_tb
Built simulation snapshot main_tb_behav
INFO: [USF-XSim-69] 'elaborate' step finished in '3' seconds
INFO: [USF-XSim-4] XSim::Simulate design
INFO: [USF-XSim-61] Executing 'SIMULATE' step in 'H:/FriGroup13/CLK_Divider.sim/sim_1/behav/xsim'
INFO: [USF-XSim-98] *** Running xsim
   with args "main_tb_behav -key {Behavioral:sim_1:Functional:main_tb} -tclbatch {main_tb.tcl} -log {simulate.log}"
INFO: [USF-XSim-8] Loading simulator feature
Time resolution is 1 ps
source main_tb.tcl
# set curr_wave [current_wave_config]
# if { [string length $curr_wave] == 0 } {
#   if { [llength [get_objects]] > 0} {
#     add_wave /
#     set_property needs_save false [current_wave_config]
#   } else {
#      send_msg_id Add_Wave-1 WARNING "No top level signals found. Simulator will start without a wave window. If you want to open a wave window go to 'File->New Waveform Configuration' or type 'create_wave_config' in the TCL console."
#   }
# }
# run 1000ns
xsim: Time (s): cpu = 00:00:01 ; elapsed = 00:00:05 . Memory (MB): peak = 1269.090 ; gain = 0.773
INFO: [USF-XSim-96] XSim completed. Design snapshot 'main_tb_behav' loaded.
INFO: [USF-XSim-97] XSim simulation ran for 1000ns
launch_simulation: Time (s): cpu = 00:00:01 ; elapsed = 00:00:12 . Memory (MB): peak = 1269.090 ; gain = 0.773
close_sim
INFO: [Simtcl 6-16] Simulation closed
launch_simulation
Command: launch_simulation 
INFO: [Vivado 12-12493] Simulation top is 'main_tb'
WARNING: [Vivado 12-13340] Unable to auto find GCC executables from simulator install path! (path not set)
WARNING: [Vivado 12-13277] Compiled library path does not exist: ''
INFO: [Vivado 12-5682] Launching behavioral simulation in 'H:/FriGroup13/CLK_Divider.sim/sim_1/behav/xsim'
INFO: [SIM-utils-51] Simulation object is 'sim_1'
INFO: [SIM-utils-72] Using boost library from 'C:/Xilinx/Vivado/2022.2/tps/boost_1_72_0'
INFO: [SIM-utils-54] Inspecting design source files for 'main_tb' in fileset 'sim_1'...
INFO: [USF-XSim-97] Finding global include files...
INFO: [USF-XSim-98] Fetching design files from 'sim_1'...
INFO: [USF-XSim-2] XSim::Compile design
INFO: [USF-XSim-61] Executing 'COMPILE and ANALYZE' step in 'H:/FriGroup13/CLK_Divider.sim/sim_1/behav/xsim'
"xvhdl --incr --relax -prj main_tb_vhdl.prj"
INFO: [VRFC 10-163] Analyzing VHDL file "H:/FriGroup13/CLK_Divider.srcs/sources_1/new/main.vhd" into library xil_defaultlib
INFO: [VRFC 10-3107] analyzing entity 'main'
INFO: [VRFC 10-163] Analyzing VHDL file "H:/FriGroup13/CLK_Divider.srcs/sim_1/new/main_tb.vhd" into library xil_defaultlib
INFO: [VRFC 10-3107] analyzing entity 'main_tb'
INFO: [USF-XSim-69] 'compile' step finished in '3' seconds
INFO: [USF-XSim-3] XSim::Elaborate design
INFO: [USF-XSim-61] Executing 'ELABORATE' step in 'H:/FriGroup13/CLK_Divider.sim/sim_1/behav/xsim'
"xelab --incr --debug typical --relax --mt 2 -L xil_defaultlib -L secureip --snapshot main_tb_behav xil_defaultlib.main_tb -log elaborate.log"
Vivado Simulator v2022.2
Copyright 1986-1999, 2001-2022 Xilinx, Inc. All Rights Reserved.
Running: C:/Xilinx/Vivado/2022.2/bin/unwrapped/win64.o/xelab.exe --incr --debug typical --relax --mt 2 -L xil_defaultlib -L secureip --snapshot main_tb_behav xil_defaultlib.main_tb -log elaborate.log 
Using 2 slave threads.
Starting static elaboration
Completed static elaboration
Starting simulation data flow analysis
Completed simulation data flow analysis
Time Resolution for simulation is 1ps
Compiling package std.standard
Compiling package std.textio
Compiling package ieee.std_logic_1164
Compiling package ieee.numeric_std
Compiling architecture behavioral of entity xil_defaultlib.clock_divider [clock_divider_default]
Compiling architecture behavioral of entity xil_defaultlib.display_selector [display_selector_default]
Compiling architecture behavioral of entity xil_defaultlib.decoder [decoder_default]
Compiling architecture behavioral of entity xil_defaultlib.bcd_to_7seg [bcd_to_7seg_default]
Compiling architecture behavioral of entity xil_defaultlib.timer_counter [timer_counter_default]
Compiling architecture behavioral of entity xil_defaultlib.mux [mux_default]
Compiling architecture behavioral of entity xil_defaultlib.finite_state_machine [finite_state_machine_default]
Compiling architecture behavioral of entity xil_defaultlib.circ_buffer [circ_buffer_default]
Compiling architecture behavioral of entity xil_defaultlib.convertMessagetoTime [convertmessagetotime_default]
Compiling architecture behavioral of entity xil_defaultlib.convertTimetoMessage [converttimetomessage_default]
Compiling architecture behavioral of entity xil_defaultlib.findAverage [findaverage_default]
Compiling architecture behavioral of entity xil_defaultlib.findMin [findmin_default]
Compiling architecture behavioral of entity xil_defaultlib.findMax [findmax_default]
Compiling architecture behavioral of entity xil_defaultlib.main [main_default]
Compiling architecture behavioral of entity xil_defaultlib.main_tb
Built simulation snapshot main_tb_behav
INFO: [USF-XSim-69] 'elaborate' step finished in '2' seconds
INFO: [USF-XSim-4] XSim::Simulate design
INFO: [USF-XSim-61] Executing 'SIMULATE' step in 'H:/FriGroup13/CLK_Divider.sim/sim_1/behav/xsim'
INFO: [USF-XSim-98] *** Running xsim
   with args "main_tb_behav -key {Behavioral:sim_1:Functional:main_tb} -tclbatch {main_tb.tcl} -log {simulate.log}"
INFO: [USF-XSim-8] Loading simulator feature
Time resolution is 1 ps
source main_tb.tcl
# set curr_wave [current_wave_config]
# if { [string length $curr_wave] == 0 } {
#   if { [llength [get_objects]] > 0} {
#     add_wave /
#     set_property needs_save false [current_wave_config]
#   } else {
#      send_msg_id Add_Wave-1 WARNING "No top level signals found. Simulator will start without a wave window. If you want to open a wave window go to 'File->New Waveform Configuration' or type 'create_wave_config' in the TCL console."
#   }
# }
# run 1000ns
xsim: Time (s): cpu = 00:00:01 ; elapsed = 00:00:06 . Memory (MB): peak = 1270.160 ; gain = 1.070
INFO: [USF-XSim-96] XSim completed. Design snapshot 'main_tb_behav' loaded.
INFO: [USF-XSim-97] XSim simulation ran for 1000ns
launch_simulation: Time (s): cpu = 00:00:02 ; elapsed = 00:00:12 . Memory (MB): peak = 1270.160 ; gain = 1.070
run 10 us
run 10 us
run 10 us
run 10 us
run 10 us
run 10 us
run 10 us
run 10 us
run 10 us
run 10 us
run 10 us
add_force {/main_tb/BTNC} -radix hex {1 0ns} -cancel_after 1us
run 10 us
run 10 us
run 10 us
run 10 us
add_force {/main_tb/inst_main/inst_FSM/BTNR} -radix hex {1 0ns} -cancel_after 1us
run 10 us
add_force {/main_tb/inst_main/inst_FSM/BTNR} -radix hex {1 0ns} -cancel_after 1us
run 10 us
run 10 us
run 10 us
add_force {/main_tb/inst_main/inst_FSM/BTNR} -radix hex {1 0ns} -cancel_after 1us
run 10 us
run 10 us
add_force {/main_tb/inst_main/inst_FSM/BTNU} -radix hex {1 0ns} -cancel_after 1us
run 10 us
add_force {/main_tb/inst_main/inst_FSM/BTNR} -radix hex {1 0ns} -cancel_after 10us
run 10 us
run 10 us
add_force {/main_tb/BTNC} -radix hex {1 0ns} -cancel_after 1us
run 10 us
run 10 us
run 10 us
run 10 us
run 10 us
run 10 us
run 10 us
run 10 us
run 10 us
run 10 us
run 10 us
add_force {/main_tb/inst_main/inst_FSM/BTNC} -radix hex {1 0ns} -cancel_after 1us
run 10 us
run 10 us
run 10 us
run 10 us
run 10 us
add_force {/main_tb/inst_main/inst_FSM/BTNR} -radix hex {1 0ns} -cancel_after 1us
run 10 us
run 10 us
run 10 us
reset_run synth_1
INFO: [Project 1-1161] Replacing file H:/FriGroup13/CLK_Divider.srcs/utils_1/imports/synth_1/main.dcp with file H:/FriGroup13/CLK_Divider.runs/synth_1/main.dcp
WARNING: [Vivado 12-1017] Problems encountered:
1. Failed to delete one or more files in run directory H:/FriGroup13/CLK_Divider.runs/synth_1

launch_runs impl_1 -to_step write_bitstream -jobs 4
[Fri May  3 14:39:17 2024] Launched synth_1...
Run output will be captured here: H:/FriGroup13/CLK_Divider.runs/synth_1/runme.log
[Fri May  3 14:39:17 2024] Launched impl_1...
Run output will be captured here: H:/FriGroup13/CLK_Divider.runs/impl_1/runme.log
launch_runs: Time (s): cpu = 00:00:00 ; elapsed = 00:00:38 . Memory (MB): peak = 1278.617 ; gain = 0.000
open_hw_manager
connect_hw_server -allow_non_jtag
INFO: [Labtools 27-2285] Connecting to hw_server url TCP:localhost:3121
INFO: [Labtools 27-2222] Launching hw_server...
INFO: [Labtools 27-2221] Launch Output:

****** Xilinx hw_server v2022.2
  **** Build date : Oct 14 2022 at 05:18:10
    ** Copyright 1986-2022 Xilinx, Inc. All Rights Reserved.


INFO: [Labtools 27-3415] Connecting to cs_server url TCP:localhost:0
INFO: [Labtools 27-3417] Launching cs_server...
INFO: [Labtools 27-2221] Launch Output:


******** Xilinx cs_server v2022.2.0
  ****** Build date   : Oct 05 2022-12:25:37
    **** Build number : 2022.2.1664925937
      ** Copyright 2017-2024 Xilinx, Inc. All Rights Reserved.



connect_hw_server: Time (s): cpu = 00:00:00 ; elapsed = 00:00:10 . Memory (MB): peak = 1278.781 ; gain = 0.164
open_hw_target
INFO: [Labtoolstcl 44-466] Opening hw_target localhost:3121/xilinx_tcf/Digilent/210292646048A
open_hw_target: Time (s): cpu = 00:00:07 ; elapsed = 00:00:09 . Memory (MB): peak = 3445.598 ; gain = 2166.816
set_property PROGRAM.FILE {H:/FriGroup13/CLK_Divider.runs/impl_1/main.bit} [get_hw_devices xc7a100t_0]
current_hw_device [get_hw_devices xc7a100t_0]
refresh_hw_device -update_hw_probes false [lindex [get_hw_devices xc7a100t_0] 0]
INFO: [Labtools 27-1435] Device xc7a100t (JTAG device index = 0) is not programmed (DONE status = 0).
set_property PROBES.FILE {} [get_hw_devices xc7a100t_0]
set_property FULL_PROBES.FILE {} [get_hw_devices xc7a100t_0]
set_property PROGRAM.FILE {H:/FriGroup13/CLK_Divider.runs/impl_1/main.bit} [get_hw_devices xc7a100t_0]
program_hw_devices [get_hw_devices xc7a100t_0]
INFO: [Labtools 27-3164] End of startup status: HIGH
refresh_hw_device [lindex [get_hw_devices xc7a100t_0] 0]
INFO: [Labtools 27-1434] Device xc7a100t (JTAG device index = 0) is programmed with a design that has no supported debug core(s) in it.
set_property PROBES.FILE {} [get_hw_devices xc7a100t_0]
set_property FULL_PROBES.FILE {} [get_hw_devices xc7a100t_0]
set_property PROGRAM.FILE {H:/FriGroup13/CLK_Divider.runs/impl_1/main.bit} [get_hw_devices xc7a100t_0]
program_hw_devices [get_hw_devices xc7a100t_0]
INFO: [Labtools 27-3164] End of startup status: HIGH
refresh_hw_device [lindex [get_hw_devices xc7a100t_0] 0]
INFO: [Labtools 27-1434] Device xc7a100t (JTAG device index = 0) is programmed with a design that has no supported debug core(s) in it.
close_hw_manager
reset_run synth_1
INFO: [Project 1-1161] Replacing file H:/FriGroup13/CLK_Divider.srcs/utils_1/imports/synth_1/main.dcp with file H:/FriGroup13/CLK_Divider.runs/synth_1/main.dcp
WARNING: [Vivado 12-1017] Problems encountered:
1. Failed to delete one or more files in run directory H:/FriGroup13/CLK_Divider.runs/synth_1

launch_runs impl_1 -to_step write_bitstream -jobs 4
[Fri May  3 14:47:27 2024] Launched synth_1...
Run output will be captured here: H:/FriGroup13/CLK_Divider.runs/synth_1/runme.log
[Fri May  3 14:47:27 2024] Launched impl_1...
Run output will be captured here: H:/FriGroup13/CLK_Divider.runs/impl_1/runme.log
launch_runs: Time (s): cpu = 00:00:00 ; elapsed = 00:00:38 . Memory (MB): peak = 3482.109 ; gain = 17.352
open_hw_manager
connect_hw_server -allow_non_jtag
INFO: [Labtools 27-2285] Connecting to hw_server url TCP:localhost:3121
INFO: [Labtools 27-2222] Launching hw_server...
INFO: [Labtools 27-2221] Launch Output:

****** Xilinx hw_server v2022.2
  **** Build date : Oct 14 2022 at 05:18:10
    ** Copyright 1986-2022 Xilinx, Inc. All Rights Reserved.


INFO: [Labtools 27-3415] Connecting to cs_server url TCP:localhost:0
INFO: [Labtools 27-3417] Launching cs_server...
INFO: [Labtools 27-2221] Launch Output:


******** Xilinx cs_server v2022.2.0
  ****** Build date   : Oct 05 2022-12:25:37
    **** Build number : 2022.2.1664925937
      ** Copyright 2017-2024 Xilinx, Inc. All Rights Reserved.



connect_hw_server: Time (s): cpu = 00:00:00 ; elapsed = 00:00:07 . Memory (MB): peak = 3498.930 ; gain = 0.000
open_hw_target
INFO: [Labtoolstcl 44-466] Opening hw_target localhost:3121/xilinx_tcf/Digilent/210292646048A
set_property PROGRAM.FILE {H:/FriGroup13/CLK_Divider.runs/impl_1/main.bit} [get_hw_devices xc7a100t_0]
current_hw_device [get_hw_devices xc7a100t_0]
refresh_hw_device -update_hw_probes false [lindex [get_hw_devices xc7a100t_0] 0]
INFO: [Labtools 27-1434] Device xc7a100t (JTAG device index = 0) is programmed with a design that has no supported debug core(s) in it.
set_property PROBES.FILE {} [get_hw_devices xc7a100t_0]
set_property FULL_PROBES.FILE {} [get_hw_devices xc7a100t_0]
set_property PROGRAM.FILE {H:/FriGroup13/CLK_Divider.runs/impl_1/main.bit} [get_hw_devices xc7a100t_0]
program_hw_devices [get_hw_devices xc7a100t_0]
INFO: [Labtools 27-3164] End of startup status: HIGH
refresh_hw_device [lindex [get_hw_devices xc7a100t_0] 0]
INFO: [Labtools 27-1434] Device xc7a100t (JTAG device index = 0) is programmed with a design that has no supported debug core(s) in it.
ERROR: [Labtoolstcl 44-513] HW Target shutdown. Closing target: localhost:3121/xilinx_tcf/Digilent/210292646048A
close_sim
INFO: [Simtcl 6-16] Simulation closed
exit
INFO: [Common 17-206] Exiting Vivado at Fri May  3 14:55:01 2024...
